[2021-03-15 00:40:35,554:main:14:DEBUG] Bot started
[2021-03-15 01:00:09,417:main:14:DEBUG] Bot started
[2021-03-15 01:00:21,761:keys:11:DEBUG] New hash has benn added
[2021-03-15 01:01:55,133:main:14:DEBUG] Bot started
[2021-03-15 01:03:25,297:find_group:116:WARNING] Group value - b'\xd0\x94\xd0\xb0'
[2021-03-15 01:07:00,904:main:14:DEBUG] Bot started
[2021-03-15 16:30:05,883:harvest_main:69:DEBUG] No changes in harvest of the groups of the institution - (id) 1
[2021-03-15 16:30:06,037:harvest_main:90:DEBUG] Changed the schedule - id = b'29'
[2021-03-15 16:30:06,648:harvest_main:69:DEBUG] No changes in harvest of the groups of the institution - (id) 3
[2021-03-15 16:30:06,849:harvest_main:90:DEBUG] Changed the schedule - id = b'7'
[2021-03-15 16:30:07,120:harvest_main:69:DEBUG] No changes in harvest of the groups of the institution - (id) 4
[2021-03-15 16:30:07,572:harvest_main:69:DEBUG] No changes in harvest of the groups of the institution - (id) 5
[2021-03-15 16:30:07,925:harvest_main:90:DEBUG] Changed the schedule - id = b'8'
[2021-03-15 16:30:07,972:harvest_main:69:DEBUG] No changes in harvest of the groups of the institution - (id) 6
[2021-03-15 16:30:08,485:harvest_main:90:DEBUG] Changed the schedule - id = b'11'
[2021-03-15 16:30:08,486:harvest_main:69:DEBUG] No changes in harvest of the groups of the institution - (id) 7
[2021-03-15 16:30:08,486:harvest_main:75:DEBUG] Harvest groups has been ended
[2021-03-15 16:30:08,607:harvest_main:90:DEBUG] Changed the schedule - id = b'12'
[2021-03-15 16:30:08,760:harvest_main:90:DEBUG] Changed the schedule - id = b'18'
[2021-03-15 16:30:08,918:harvest_main:90:DEBUG] Changed the schedule - id = b'21'
[2021-03-15 16:30:09,045:harvest_main:90:DEBUG] Changed the schedule - id = b'23'
[2021-03-15 16:30:09,187:harvest_main:90:DEBUG] Changed the schedule - id = b'26'
[2021-03-15 16:30:09,385:harvest_main:90:DEBUG] Changed the schedule - id = b'31'
[2021-03-15 16:30:09,549:harvest_main:90:DEBUG] Changed the schedule - id = b'32'
[2021-03-15 16:30:09,670:harvest_main:90:DEBUG] Changed the schedule - id = b'42'
[2021-03-15 16:30:09,791:harvest_main:90:DEBUG] Changed the schedule - id = b'34'
[2021-03-15 16:30:09,915:harvest_main:90:DEBUG] Changed the schedule - id = b'3'
[2021-03-15 16:30:10,036:harvest_main:90:DEBUG] Changed the schedule - id = b'10'
[2021-03-15 16:30:10,200:harvest_main:90:DEBUG] Changed the schedule - id = b'20'
[2021-03-15 16:30:10,430:harvest_main:90:DEBUG] Changed the schedule - id = b'16'
[2021-03-15 16:30:10,603:harvest_main:90:DEBUG] Changed the schedule - id = b'22'
[2021-03-15 16:30:10,851:harvest_main:90:DEBUG] Changed the schedule - id = b'24'
[2021-03-15 16:30:11,011:harvest_main:90:DEBUG] Changed the schedule - id = b'33'
[2021-03-15 16:30:11,268:harvest_main:90:DEBUG] Changed the schedule - id = b'38'
[2021-03-15 16:30:11,484:harvest_main:90:DEBUG] Changed the schedule - id = b'41'
[2021-03-15 16:30:11,659:harvest_main:90:DEBUG] Changed the schedule - id = b'1'
[2021-03-15 16:30:11,848:harvest_main:90:DEBUG] Changed the schedule - id = b'2'
[2021-03-15 16:30:12,150:harvest_main:90:DEBUG] Changed the schedule - id = b'4'
[2021-03-15 16:30:12,349:harvest_main:90:DEBUG] Changed the schedule - id = b'36'
[2021-03-15 16:30:12,504:harvest_main:90:DEBUG] Changed the schedule - id = b'15'
[2021-03-15 16:30:12,637:harvest_main:90:DEBUG] Changed the schedule - id = b'6'
[2021-03-15 16:30:12,778:harvest_main:90:DEBUG] Changed the schedule - id = b'13'
[2021-03-15 16:30:12,988:harvest_main:90:DEBUG] Changed the schedule - id = b'44'
[2021-03-15 16:30:13,131:harvest_main:90:DEBUG] Changed the schedule - id = b'14'
[2021-03-15 16:30:13,268:harvest_main:90:DEBUG] Changed the schedule - id = b'35'
[2021-03-15 16:30:13,459:harvest_main:90:DEBUG] Changed the schedule - id = b'5'
[2021-03-15 16:30:13,591:harvest_main:90:DEBUG] Changed the schedule - id = b'17'
[2021-03-15 16:30:13,771:harvest_main:90:DEBUG] Changed the schedule - id = b'39'
[2021-03-15 16:30:13,947:harvest_main:90:DEBUG] Changed the schedule - id = b'19'
[2021-03-15 16:30:14,282:harvest_main:90:DEBUG] Changed the schedule - id = b'40'
[2021-03-15 16:30:14,512:harvest_main:90:DEBUG] Changed the schedule - id = b'25'
[2021-03-15 16:30:14,697:harvest_main:90:DEBUG] Changed the schedule - id = b'30'
[2021-03-15 16:30:14,833:harvest_main:90:DEBUG] Changed the schedule - id = b'37'
[2021-03-15 16:30:14,962:harvest_main:90:DEBUG] Changed the schedule - id = b'9'
[2021-03-15 16:30:15,087:harvest_main:90:DEBUG] Changed the schedule - id = b'27'
[2021-03-15 16:30:15,258:harvest_main:90:DEBUG] Changed the schedule - id = b'28'
[2021-03-15 16:30:15,399:harvest_main:90:DEBUG] Changed the schedule - id = b'43'
[2021-03-15 16:30:16,228:harvest_main:90:DEBUG] Changed the schedule - id = b'76'
[2021-03-15 16:30:16,760:harvest_main:90:DEBUG] Changed the schedule - id = b'53'
[2021-03-15 16:30:17,195:harvest_main:90:DEBUG] Changed the schedule - id = b'94'
[2021-03-15 16:30:17,691:harvest_main:90:DEBUG] Changed the schedule - id = b'110'
[2021-03-15 16:30:18,174:harvest_main:90:DEBUG] Changed the schedule - id = b'69'
[2021-03-15 16:30:18,659:harvest_main:90:DEBUG] Changed the schedule - id = b'50'
[2021-03-15 16:30:19,153:harvest_main:90:DEBUG] Changed the schedule - id = b'113'
[2021-03-15 16:30:19,647:harvest_main:90:DEBUG] Changed the schedule - id = b'119'
[2021-03-15 16:30:20,155:harvest_main:90:DEBUG] Changed the schedule - id = b'72'
[2021-03-15 16:30:20,798:harvest_main:90:DEBUG] Changed the schedule - id = b'126'
[2021-03-15 16:30:21,297:harvest_main:90:DEBUG] Changed the schedule - id = b'125'
[2021-03-15 16:30:21,736:harvest_main:90:DEBUG] Changed the schedule - id = b'131'
[2021-03-15 16:30:22,134:harvest_main:90:DEBUG] Changed the schedule - id = b'132'
[2021-03-15 16:30:22,624:harvest_main:90:DEBUG] Changed the schedule - id = b'135'
[2021-03-15 16:30:23,102:harvest_main:90:DEBUG] Changed the schedule - id = b'144'
[2021-03-15 16:30:23,558:harvest_main:90:DEBUG] Changed the schedule - id = b'148'
[2021-03-15 16:30:24,006:harvest_main:90:DEBUG] Changed the schedule - id = b'149'
[2021-03-15 16:30:24,419:harvest_main:90:DEBUG] Changed the schedule - id = b'150'
[2021-03-15 16:30:24,846:harvest_main:90:DEBUG] Changed the schedule - id = b'151'
[2021-03-15 16:30:25,259:harvest_main:90:DEBUG] Changed the schedule - id = b'152'
[2021-03-15 16:30:25,730:harvest_main:90:DEBUG] Changed the schedule - id = b'154'
[2021-03-15 16:30:26,178:harvest_main:90:DEBUG] Changed the schedule - id = b'157'
[2021-03-15 16:30:26,633:harvest_main:90:DEBUG] Changed the schedule - id = b'158'
[2021-03-15 16:30:27,076:harvest_main:90:DEBUG] Changed the schedule - id = b'159'
[2021-03-15 16:30:27,577:harvest_main:90:DEBUG] Changed the schedule - id = b'160'
[2021-03-15 16:30:28,056:harvest_main:90:DEBUG] Changed the schedule - id = b'161'
[2021-03-15 16:30:28,527:harvest_main:90:DEBUG] Changed the schedule - id = b'162'
[2021-03-15 16:30:28,970:harvest_main:90:DEBUG] Changed the schedule - id = b'163'
[2021-03-15 16:30:29,434:harvest_main:90:DEBUG] Changed the schedule - id = b'164'
[2021-03-15 16:30:29,876:harvest_main:90:DEBUG] Changed the schedule - id = b'165'
[2021-03-15 16:30:30,316:harvest_main:90:DEBUG] Changed the schedule - id = b'166'
[2021-03-15 16:30:30,729:harvest_main:90:DEBUG] Changed the schedule - id = b'167'
[2021-03-15 16:30:31,122:harvest_main:90:DEBUG] Changed the schedule - id = b'168'
[2021-03-15 16:30:31,589:harvest_main:90:DEBUG] Changed the schedule - id = b'169'
[2021-03-15 16:30:32,086:harvest_main:90:DEBUG] Changed the schedule - id = b'170'
[2021-03-15 16:30:32,533:harvest_main:90:DEBUG] Changed the schedule - id = b'173'
[2021-03-15 16:30:32,996:harvest_main:90:DEBUG] Changed the schedule - id = b'174'
[2021-03-15 16:30:33,414:harvest_main:90:DEBUG] Changed the schedule - id = b'175'
[2021-03-15 16:30:33,861:harvest_main:90:DEBUG] Changed the schedule - id = b'176'
[2021-03-15 16:30:34,284:harvest_main:90:DEBUG] Changed the schedule - id = b'177'
[2021-03-15 16:30:34,708:harvest_main:90:DEBUG] Changed the schedule - id = b'179'
[2021-03-15 16:30:35,131:harvest_main:90:DEBUG] Changed the schedule - id = b'188'
[2021-03-15 16:30:35,539:harvest_main:90:DEBUG] Changed the schedule - id = b'189'
[2021-03-15 16:30:35,989:harvest_main:90:DEBUG] Changed the schedule - id = b'197'
[2021-03-15 16:30:36,442:harvest_main:90:DEBUG] Changed the schedule - id = b'198'
[2021-03-15 16:30:36,894:harvest_main:90:DEBUG] Changed the schedule - id = b'220'
[2021-03-15 16:30:37,384:harvest_main:90:DEBUG] Changed the schedule - id = b'93'
[2021-03-15 16:30:37,809:harvest_main:90:DEBUG] Changed the schedule - id = b'55'
[2021-03-15 16:30:38,233:harvest_main:90:DEBUG] Changed the schedule - id = b'238'
[2021-03-15 16:30:38,639:harvest_main:90:DEBUG] Changed the schedule - id = b'46'
[2021-03-15 16:30:39,083:harvest_main:90:DEBUG] Changed the schedule - id = b'45'
[2021-03-15 16:30:39,560:harvest_main:90:DEBUG] Changed the schedule - id = b'48'
[2021-03-15 16:30:40,032:harvest_main:90:DEBUG] Changed the schedule - id = b'56'
[2021-03-15 16:30:40,501:harvest_main:90:DEBUG] Changed the schedule - id = b'58'
[2021-03-15 16:30:40,938:harvest_main:90:DEBUG] Changed the schedule - id = b'63'
[2021-03-15 16:30:41,418:harvest_main:90:DEBUG] Changed the schedule - id = b'60'
[2021-03-15 16:30:41,854:harvest_main:90:DEBUG] Changed the schedule - id = b'61'
[2021-03-15 16:30:42,282:harvest_main:90:DEBUG] Changed the schedule - id = b'62'
[2021-03-15 16:30:42,695:harvest_main:90:DEBUG] Changed the schedule - id = b'70'
[2021-03-15 16:30:43,140:harvest_main:90:DEBUG] Changed the schedule - id = b'71'
[2021-03-15 16:30:43,550:harvest_main:90:DEBUG] Changed the schedule - id = b'66'
[2021-03-15 16:30:44,014:harvest_main:90:DEBUG] Changed the schedule - id = b'67'
[2021-03-15 16:30:44,452:harvest_main:90:DEBUG] Changed the schedule - id = b'68'
[2021-03-15 16:30:44,907:harvest_main:90:DEBUG] Changed the schedule - id = b'75'
[2021-03-15 16:30:45,376:harvest_main:90:DEBUG] Changed the schedule - id = b'59'
[2021-03-15 16:30:45,889:harvest_main:90:DEBUG] Changed the schedule - id = b'54'
[2021-03-15 16:30:46,319:harvest_main:90:DEBUG] Changed the schedule - id = b'51'
[2021-03-15 16:30:46,803:harvest_main:90:DEBUG] Changed the schedule - id = b'73'
[2021-03-15 16:30:47,254:harvest_main:90:DEBUG] Changed the schedule - id = b'47'
[2021-03-15 16:30:47,677:harvest_main:90:DEBUG] Changed the schedule - id = b'78'
[2021-03-15 16:30:48,127:harvest_main:90:DEBUG] Changed the schedule - id = b'79'
[2021-03-15 16:30:48,574:harvest_main:90:DEBUG] Changed the schedule - id = b'80'
[2021-03-15 16:30:49,062:harvest_main:90:DEBUG] Changed the schedule - id = b'82'
[2021-03-15 16:30:49,511:harvest_main:90:DEBUG] Changed the schedule - id = b'57'
[2021-03-15 16:30:49,891:harvest_main:90:DEBUG] Changed the schedule - id = b'101'
[2021-03-15 16:30:50,297:harvest_main:90:DEBUG] Changed the schedule - id = b'95'
[2021-03-15 16:30:50,711:harvest_main:90:DEBUG] Changed the schedule - id = b'96'
[2021-03-15 16:30:51,180:harvest_main:90:DEBUG] Changed the schedule - id = b'97'
[2021-03-15 16:30:51,677:harvest_main:90:DEBUG] Changed the schedule - id = b'98'
[2021-03-15 16:30:52,153:harvest_main:90:DEBUG] Changed the schedule - id = b'99'
[2021-03-15 16:30:52,634:harvest_main:90:DEBUG] Changed the schedule - id = b'100'
[2021-03-15 16:30:53,081:harvest_main:90:DEBUG] Changed the schedule - id = b'102'
[2021-03-15 16:30:53,524:harvest_main:90:DEBUG] Changed the schedule - id = b'103'
[2021-03-15 16:30:53,967:harvest_main:90:DEBUG] Changed the schedule - id = b'104'
[2021-03-15 16:30:54,419:harvest_main:90:DEBUG] Changed the schedule - id = b'105'
[2021-03-15 16:30:54,832:harvest_main:90:DEBUG] Changed the schedule - id = b'106'
[2021-03-15 16:30:55,256:harvest_main:90:DEBUG] Changed the schedule - id = b'107'
[2021-03-15 16:30:55,717:harvest_main:90:DEBUG] Changed the schedule - id = b'108'
[2021-03-15 16:30:56,162:harvest_main:90:DEBUG] Changed the schedule - id = b'109'
[2021-03-15 16:30:56,692:harvest_main:90:DEBUG] Changed the schedule - id = b'111'
[2021-03-15 16:30:57,111:harvest_main:90:DEBUG] Changed the schedule - id = b'112'
[2021-03-15 16:30:57,534:harvest_main:90:DEBUG] Changed the schedule - id = b'114'
[2021-03-15 16:30:57,986:harvest_main:90:DEBUG] Changed the schedule - id = b'115'
[2021-03-15 16:30:58,415:harvest_main:90:DEBUG] Changed the schedule - id = b'116'
[2021-03-15 16:30:58,834:harvest_main:90:DEBUG] Changed the schedule - id = b'117'
[2021-03-15 16:30:59,304:harvest_main:90:DEBUG] Changed the schedule - id = b'118'
[2021-03-15 16:30:59,711:harvest_main:90:DEBUG] Changed the schedule - id = b'120'
[2021-03-15 16:31:00,095:harvest_main:90:DEBUG] Changed the schedule - id = b'121'
[2021-03-15 16:31:00,566:harvest_main:90:DEBUG] Changed the schedule - id = b'122'
[2021-03-15 16:31:01,017:harvest_main:90:DEBUG] Changed the schedule - id = b'123'
[2021-03-15 16:31:01,565:harvest_main:90:DEBUG] Changed the schedule - id = b'124'
[2021-03-15 16:31:02,352:harvest_main:90:DEBUG] Changed the schedule - id = b'65'
[2021-03-15 16:31:02,814:harvest_main:90:DEBUG] Changed the schedule - id = b'127'
[2021-03-15 16:31:03,244:harvest_main:90:DEBUG] Changed the schedule - id = b'128'
[2021-03-15 16:31:03,656:harvest_main:90:DEBUG] Changed the schedule - id = b'129'
[2021-03-15 16:31:04,167:harvest_main:90:DEBUG] Changed the schedule - id = b'130'
[2021-03-15 16:31:04,683:harvest_main:90:DEBUG] Changed the schedule - id = b'133'
[2021-03-15 16:31:05,439:harvest_main:90:DEBUG] Changed the schedule - id = b'134'
[2021-03-15 16:31:05,884:harvest_main:90:DEBUG] Changed the schedule - id = b'136'
[2021-03-15 16:31:06,342:harvest_main:90:DEBUG] Changed the schedule - id = b'137'
[2021-03-15 16:31:06,811:harvest_main:90:DEBUG] Changed the schedule - id = b'138'
[2021-03-15 16:31:07,275:harvest_main:90:DEBUG] Changed the schedule - id = b'139'
[2021-03-15 16:31:07,682:harvest_main:90:DEBUG] Changed the schedule - id = b'140'
[2021-03-15 16:31:08,192:harvest_main:90:DEBUG] Changed the schedule - id = b'141'
[2021-03-15 16:31:08,613:harvest_main:90:DEBUG] Changed the schedule - id = b'142'
[2021-03-15 16:31:09,054:harvest_main:90:DEBUG] Changed the schedule - id = b'143'
[2021-03-15 16:31:09,528:harvest_main:90:DEBUG] Changed the schedule - id = b'145'
[2021-03-15 16:31:10,010:harvest_main:90:DEBUG] Changed the schedule - id = b'146'
[2021-03-15 16:31:10,429:harvest_main:90:DEBUG] Changed the schedule - id = b'147'
[2021-03-15 16:31:10,863:harvest_main:90:DEBUG] Changed the schedule - id = b'74'
[2021-03-15 16:31:11,267:harvest_main:90:DEBUG] Changed the schedule - id = b'153'
[2021-03-15 16:31:11,716:harvest_main:90:DEBUG] Changed the schedule - id = b'155'
[2021-03-15 16:31:12,125:harvest_main:90:DEBUG] Changed the schedule - id = b'156'
[2021-03-15 16:31:12,530:harvest_main:90:DEBUG] Changed the schedule - id = b'171'
[2021-03-15 16:31:12,927:harvest_main:90:DEBUG] Changed the schedule - id = b'172'
[2021-03-15 16:31:13,352:harvest_main:90:DEBUG] Changed the schedule - id = b'178'
[2021-03-15 16:31:13,775:harvest_main:90:DEBUG] Changed the schedule - id = b'180'
[2021-03-15 16:31:14,213:harvest_main:90:DEBUG] Changed the schedule - id = b'181'
[2021-03-15 16:31:14,626:harvest_main:90:DEBUG] Changed the schedule - id = b'182'
[2021-03-15 16:31:15,059:harvest_main:90:DEBUG] Changed the schedule - id = b'183'
[2021-03-15 16:31:15,463:harvest_main:90:DEBUG] Changed the schedule - id = b'184'
[2021-03-15 16:31:15,904:harvest_main:90:DEBUG] Changed the schedule - id = b'185'
[2021-03-15 16:31:16,362:harvest_main:90:DEBUG] Changed the schedule - id = b'186'
[2021-03-15 16:31:16,862:harvest_main:90:DEBUG] Changed the schedule - id = b'187'
[2021-03-15 16:31:17,281:harvest_main:90:DEBUG] Changed the schedule - id = b'190'
[2021-03-15 16:31:17,773:harvest_main:90:DEBUG] Changed the schedule - id = b'191'
[2021-03-15 16:31:18,217:harvest_main:90:DEBUG] Changed the schedule - id = b'192'
[2021-03-15 16:31:18,661:harvest_main:90:DEBUG] Changed the schedule - id = b'193'
[2021-03-15 16:31:19,090:harvest_main:90:DEBUG] Changed the schedule - id = b'194'
[2021-03-15 16:31:19,537:harvest_main:90:DEBUG] Changed the schedule - id = b'195'
[2021-03-15 16:31:19,962:harvest_main:90:DEBUG] Changed the schedule - id = b'196'
[2021-03-15 16:31:20,395:harvest_main:90:DEBUG] Changed the schedule - id = b'199'
[2021-03-15 16:31:20,814:harvest_main:90:DEBUG] Changed the schedule - id = b'200'
[2021-03-15 16:31:21,237:harvest_main:90:DEBUG] Changed the schedule - id = b'201'
[2021-03-15 16:31:21,949:harvest_main:90:DEBUG] Changed the schedule - id = b'202'
[2021-03-15 16:31:22,357:harvest_main:90:DEBUG] Changed the schedule - id = b'203'
[2021-03-15 16:31:22,843:harvest_main:90:DEBUG] Changed the schedule - id = b'204'
[2021-03-15 16:31:23,370:harvest_main:90:DEBUG] Changed the schedule - id = b'205'
[2021-03-15 16:31:23,825:harvest_main:90:DEBUG] Changed the schedule - id = b'206'
[2021-03-15 16:31:24,238:harvest_main:90:DEBUG] Changed the schedule - id = b'207'
[2021-03-15 16:31:24,670:harvest_main:90:DEBUG] Changed the schedule - id = b'208'
[2021-03-15 16:31:25,096:harvest_main:90:DEBUG] Changed the schedule - id = b'209'
[2021-03-15 16:31:25,527:harvest_main:90:DEBUG] Changed the schedule - id = b'210'
[2021-03-15 16:31:26,038:harvest_main:90:DEBUG] Changed the schedule - id = b'211'
[2021-03-15 16:31:26,481:harvest_main:90:DEBUG] Changed the schedule - id = b'83'
[2021-03-15 16:31:26,910:harvest_main:90:DEBUG] Changed the schedule - id = b'212'
[2021-03-15 16:31:27,307:harvest_main:90:DEBUG] Changed the schedule - id = b'213'
[2021-03-15 16:31:27,705:harvest_main:90:DEBUG] Changed the schedule - id = b'214'
[2021-03-15 16:31:28,118:harvest_main:90:DEBUG] Changed the schedule - id = b'215'
[2021-03-15 16:31:28,611:harvest_main:90:DEBUG] Changed the schedule - id = b'216'
[2021-03-15 16:31:29,018:harvest_main:90:DEBUG] Changed the schedule - id = b'217'
[2021-03-15 16:31:29,446:harvest_main:90:DEBUG] Changed the schedule - id = b'218'
[2021-03-15 16:31:29,888:harvest_main:90:DEBUG] Changed the schedule - id = b'219'
[2021-03-15 16:31:30,387:harvest_main:90:DEBUG] Changed the schedule - id = b'221'
[2021-03-15 16:31:30,844:harvest_main:90:DEBUG] Changed the schedule - id = b'222'
[2021-03-15 16:31:31,282:harvest_main:90:DEBUG] Changed the schedule - id = b'223'
[2021-03-15 16:31:31,704:harvest_main:90:DEBUG] Changed the schedule - id = b'224'
[2021-03-15 16:31:32,130:harvest_main:90:DEBUG] Changed the schedule - id = b'225'
[2021-03-15 16:31:32,547:harvest_main:90:DEBUG] Changed the schedule - id = b'226'
[2021-03-15 16:31:33,005:harvest_main:90:DEBUG] Changed the schedule - id = b'227'
[2021-03-15 16:31:33,546:harvest_main:90:DEBUG] Changed the schedule - id = b'228'
[2021-03-15 16:31:33,978:harvest_main:90:DEBUG] Changed the schedule - id = b'229'
[2021-03-15 16:31:34,650:harvest_main:90:DEBUG] Changed the schedule - id = b'230'
[2021-03-15 16:31:35,208:harvest_main:90:DEBUG] Changed the schedule - id = b'231'
[2021-03-15 16:31:35,669:harvest_main:90:DEBUG] Changed the schedule - id = b'232'
[2021-03-15 16:31:36,629:harvest_main:90:DEBUG] Changed the schedule - id = b'233'
[2021-03-15 16:31:37,113:harvest_main:90:DEBUG] Changed the schedule - id = b'234'
[2021-03-15 16:31:37,556:harvest_main:90:DEBUG] Changed the schedule - id = b'235'
[2021-03-15 16:31:37,998:harvest_main:90:DEBUG] Changed the schedule - id = b'236'
[2021-03-15 16:31:38,432:harvest_main:90:DEBUG] Changed the schedule - id = b'237'
[2021-03-15 16:31:38,816:harvest_main:90:DEBUG] Changed the schedule - id = b'239'
[2021-03-15 16:31:39,235:harvest_main:90:DEBUG] Changed the schedule - id = b'240'
[2021-03-15 16:31:39,642:harvest_main:90:DEBUG] Changed the schedule - id = b'241'
[2021-03-15 16:31:40,035:harvest_main:90:DEBUG] Changed the schedule - id = b'242'
[2021-03-15 16:31:40,459:harvest_main:90:DEBUG] Changed the schedule - id = b'243'
[2021-03-15 16:31:40,899:harvest_main:90:DEBUG] Changed the schedule - id = b'244'
[2021-03-15 16:31:41,304:harvest_main:90:DEBUG] Changed the schedule - id = b'64'
[2021-03-15 16:31:41,776:harvest_main:90:DEBUG] Changed the schedule - id = b'49'
[2021-03-15 16:31:42,193:harvest_main:90:DEBUG] Changed the schedule - id = b'52'
[2021-03-15 16:31:42,622:harvest_main:90:DEBUG] Changed the schedule - id = b'81'
[2021-03-15 16:31:43,047:harvest_main:90:DEBUG] Changed the schedule - id = b'84'
[2021-03-15 16:31:43,470:harvest_main:90:DEBUG] Changed the schedule - id = b'85'
[2021-03-15 16:31:43,956:harvest_main:90:DEBUG] Changed the schedule - id = b'86'
[2021-03-15 16:31:44,418:harvest_main:90:DEBUG] Changed the schedule - id = b'87'
[2021-03-15 16:31:44,804:harvest_main:90:DEBUG] Changed the schedule - id = b'88'
[2021-03-15 16:31:45,228:harvest_main:90:DEBUG] Changed the schedule - id = b'89'
[2021-03-15 16:31:45,628:harvest_main:90:DEBUG] Changed the schedule - id = b'90'
[2021-03-15 16:31:46,018:harvest_main:90:DEBUG] Changed the schedule - id = b'91'
[2021-03-15 16:31:46,436:harvest_main:90:DEBUG] Changed the schedule - id = b'92'
[2021-03-15 16:31:46,815:harvest_main:90:DEBUG] Changed the schedule - id = b'245'
[2021-03-15 16:31:47,160:harvest_main:90:DEBUG] Changed the schedule - id = b'291'
[2021-03-15 16:31:47,584:harvest_main:90:DEBUG] Changed the schedule - id = b'263'
[2021-03-15 16:31:47,929:harvest_main:90:DEBUG] Changed the schedule - id = b'265'
[2021-03-15 16:31:48,286:harvest_main:90:DEBUG] Changed the schedule - id = b'266'
[2021-03-15 16:31:48,642:harvest_main:90:DEBUG] Changed the schedule - id = b'267'
[2021-03-15 16:31:48,986:harvest_main:90:DEBUG] Changed the schedule - id = b'268'
[2021-03-15 16:31:49,398:harvest_main:90:DEBUG] Changed the schedule - id = b'273'
[2021-03-15 16:31:49,772:harvest_main:90:DEBUG] Changed the schedule - id = b'274'
[2021-03-15 16:31:50,197:harvest_main:90:DEBUG] Changed the schedule - id = b'289'
[2021-03-15 16:31:50,611:harvest_main:90:DEBUG] Changed the schedule - id = b'310'
[2021-03-15 16:31:51,002:harvest_main:90:DEBUG] Changed the schedule - id = b'246'
[2021-03-15 16:31:51,419:harvest_main:90:DEBUG] Changed the schedule - id = b'247'
[2021-03-15 16:31:51,830:harvest_main:90:DEBUG] Changed the schedule - id = b'248'
[2021-03-15 16:31:52,221:harvest_main:90:DEBUG] Changed the schedule - id = b'249'
[2021-03-15 16:31:52,604:harvest_main:90:DEBUG] Changed the schedule - id = b'250'
[2021-03-15 16:31:52,959:harvest_main:90:DEBUG] Changed the schedule - id = b'251'
[2021-03-15 16:31:53,308:harvest_main:90:DEBUG] Changed the schedule - id = b'252'
[2021-03-15 16:31:53,687:harvest_main:90:DEBUG] Changed the schedule - id = b'253'
[2021-03-15 16:31:54,057:harvest_main:90:DEBUG] Changed the schedule - id = b'254'
[2021-03-15 16:31:54,422:harvest_main:90:DEBUG] Changed the schedule - id = b'255'
[2021-03-15 16:31:54,937:harvest_main:90:DEBUG] Changed the schedule - id = b'256'
[2021-03-15 16:31:55,335:harvest_main:90:DEBUG] Changed the schedule - id = b'257'
[2021-03-15 16:31:55,712:harvest_main:90:DEBUG] Changed the schedule - id = b'258'
[2021-03-15 16:31:56,136:harvest_main:90:DEBUG] Changed the schedule - id = b'259'
[2021-03-15 16:31:56,528:harvest_main:90:DEBUG] Changed the schedule - id = b'292'
[2021-03-15 16:31:56,935:harvest_main:90:DEBUG] Changed the schedule - id = b'260'
[2021-03-15 16:31:57,334:harvest_main:90:DEBUG] Changed the schedule - id = b'261'
[2021-03-15 16:31:57,695:harvest_main:90:DEBUG] Changed the schedule - id = b'262'
[2021-03-15 16:31:58,466:harvest_main:90:DEBUG] Changed the schedule - id = b'264'
[2021-03-15 16:31:58,838:harvest_main:90:DEBUG] Changed the schedule - id = b'269'
[2021-03-15 16:31:59,239:harvest_main:90:DEBUG] Changed the schedule - id = b'270'
[2021-03-15 16:31:59,591:harvest_main:90:DEBUG] Changed the schedule - id = b'271'
[2021-03-15 16:31:59,957:harvest_main:90:DEBUG] Changed the schedule - id = b'293'
[2021-03-15 16:32:00,386:harvest_main:90:DEBUG] Changed the schedule - id = b'272'
[2021-03-15 16:32:00,864:harvest_main:90:DEBUG] Changed the schedule - id = b'275'
[2021-03-15 16:32:01,250:harvest_main:90:DEBUG] Changed the schedule - id = b'276'
[2021-03-15 16:32:01,632:harvest_main:90:DEBUG] Changed the schedule - id = b'277'
[2021-03-15 16:32:02,142:harvest_main:90:DEBUG] Changed the schedule - id = b'278'
[2021-03-15 16:32:02,513:harvest_main:90:DEBUG] Changed the schedule - id = b'294'
[2021-03-15 16:32:02,955:harvest_main:90:DEBUG] Changed the schedule - id = b'279'
[2021-03-15 16:32:03,419:harvest_main:90:DEBUG] Changed the schedule - id = b'280'
[2021-03-15 16:32:03,841:harvest_main:90:DEBUG] Changed the schedule - id = b'281'
[2021-03-15 16:32:04,234:harvest_main:90:DEBUG] Changed the schedule - id = b'282'
[2021-03-15 16:32:04,671:harvest_main:90:DEBUG] Changed the schedule - id = b'283'
[2021-03-15 16:32:05,104:harvest_main:90:DEBUG] Changed the schedule - id = b'284'
[2021-03-15 16:32:05,496:harvest_main:90:DEBUG] Changed the schedule - id = b'285'
[2021-03-15 16:32:05,862:harvest_main:90:DEBUG] Changed the schedule - id = b'286'
[2021-03-15 16:32:06,229:harvest_main:90:DEBUG] Changed the schedule - id = b'287'
[2021-03-15 16:32:06,643:harvest_main:90:DEBUG] Changed the schedule - id = b'288'
[2021-03-15 16:32:07,039:harvest_main:90:DEBUG] Changed the schedule - id = b'290'
[2021-03-15 16:32:07,504:harvest_main:90:DEBUG] Changed the schedule - id = b'295'
[2021-03-15 16:32:07,872:harvest_main:90:DEBUG] Changed the schedule - id = b'296'
[2021-03-15 16:32:08,292:harvest_main:90:DEBUG] Changed the schedule - id = b'297'
[2021-03-15 16:32:08,743:harvest_main:90:DEBUG] Changed the schedule - id = b'298'
[2021-03-15 16:32:09,188:harvest_main:90:DEBUG] Changed the schedule - id = b'299'
[2021-03-15 16:32:09,591:harvest_main:90:DEBUG] Changed the schedule - id = b'300'
[2021-03-15 16:32:09,978:harvest_main:90:DEBUG] Changed the schedule - id = b'301'
[2021-03-15 16:32:10,421:harvest_main:90:DEBUG] Changed the schedule - id = b'302'
[2021-03-15 16:32:10,895:harvest_main:90:DEBUG] Changed the schedule - id = b'303'
[2021-03-15 16:32:11,273:harvest_main:90:DEBUG] Changed the schedule - id = b'304'
[2021-03-15 16:32:11,688:harvest_main:90:DEBUG] Changed the schedule - id = b'305'
[2021-03-15 16:32:12,057:harvest_main:90:DEBUG] Changed the schedule - id = b'306'
[2021-03-15 16:32:12,445:harvest_main:90:DEBUG] Changed the schedule - id = b'307'
[2021-03-15 16:32:12,844:harvest_main:90:DEBUG] Changed the schedule - id = b'308'
[2021-03-15 16:32:13,219:harvest_main:90:DEBUG] Changed the schedule - id = b'309'
[2021-03-15 16:32:13,592:harvest_main:90:DEBUG] Changed the schedule - id = b'311'
[2021-03-15 16:32:13,973:harvest_main:90:DEBUG] Changed the schedule - id = b'312'
[2021-03-15 16:32:14,355:harvest_main:90:DEBUG] Changed the schedule - id = b'313'
[2021-03-15 16:32:14,745:harvest_main:90:DEBUG] Changed the schedule - id = b'314'
[2021-03-15 16:32:15,157:harvest_main:90:DEBUG] Changed the schedule - id = b'315'
[2021-03-15 16:32:15,549:harvest_main:90:DEBUG] Changed the schedule - id = b'316'
[2021-03-15 16:32:15,958:harvest_main:90:DEBUG] Changed the schedule - id = b'317'
[2021-03-15 16:32:16,325:harvest_main:90:DEBUG] Changed the schedule - id = b'318'
[2021-03-15 16:32:16,730:harvest_main:90:DEBUG] Changed the schedule - id = b'319'
[2021-03-15 16:32:17,135:harvest_main:90:DEBUG] Changed the schedule - id = b'320'
[2021-03-15 16:32:17,550:harvest_main:90:DEBUG] Changed the schedule - id = b'321'
[2021-03-15 16:32:18,043:harvest_main:90:DEBUG] Changed the schedule - id = b'322'
[2021-03-15 16:32:18,465:harvest_main:90:DEBUG] Changed the schedule - id = b'329'
[2021-03-15 16:32:18,876:harvest_main:90:DEBUG] Changed the schedule - id = b'330'
[2021-03-15 16:32:19,290:harvest_main:90:DEBUG] Changed the schedule - id = b'332'
[2021-03-15 16:32:19,689:harvest_main:90:DEBUG] Changed the schedule - id = b'333'
[2021-03-15 16:32:20,129:harvest_main:90:DEBUG] Changed the schedule - id = b'334'
[2021-03-15 16:32:20,560:harvest_main:90:DEBUG] Changed the schedule - id = b'335'
[2021-03-15 16:32:21,006:harvest_main:90:DEBUG] Changed the schedule - id = b'337'
[2021-03-15 16:32:21,377:harvest_main:90:DEBUG] Changed the schedule - id = b'338'
[2021-03-15 16:32:21,771:harvest_main:90:DEBUG] Changed the schedule - id = b'339'
[2021-03-15 16:32:22,187:harvest_main:90:DEBUG] Changed the schedule - id = b'361'
[2021-03-15 16:32:22,559:harvest_main:90:DEBUG] Changed the schedule - id = b'362'
[2021-03-15 16:32:23,011:harvest_main:90:DEBUG] Changed the schedule - id = b'368'
[2021-03-15 16:32:23,385:harvest_main:90:DEBUG] Changed the schedule - id = b'371'
[2021-03-15 16:32:23,741:harvest_main:90:DEBUG] Changed the schedule - id = b'388'
[2021-03-15 16:32:24,125:harvest_main:90:DEBUG] Changed the schedule - id = b'391'
[2021-03-15 16:32:24,596:harvest_main:90:DEBUG] Changed the schedule - id = b'392'
[2021-03-15 16:32:24,983:harvest_main:90:DEBUG] Changed the schedule - id = b'393'
[2021-03-15 16:32:25,361:harvest_main:90:DEBUG] Changed the schedule - id = b'412'
[2021-03-15 16:32:25,772:harvest_main:90:DEBUG] Changed the schedule - id = b'414'
[2021-03-15 16:32:26,175:harvest_main:90:DEBUG] Changed the schedule - id = b'323'
[2021-03-15 16:32:26,572:harvest_main:90:DEBUG] Changed the schedule - id = b'324'
[2021-03-15 16:32:26,967:harvest_main:90:DEBUG] Changed the schedule - id = b'325'
[2021-03-15 16:32:27,398:harvest_main:90:DEBUG] Changed the schedule - id = b'326'
[2021-03-15 16:32:27,835:harvest_main:90:DEBUG] Changed the schedule - id = b'327'
[2021-03-15 16:32:28,210:harvest_main:90:DEBUG] Changed the schedule - id = b'358'
[2021-03-15 16:32:28,579:harvest_main:90:DEBUG] Changed the schedule - id = b'328'
[2021-03-15 16:32:28,970:harvest_main:90:DEBUG] Changed the schedule - id = b'331'
[2021-03-15 16:32:29,342:harvest_main:90:DEBUG] Changed the schedule - id = b'336'
[2021-03-15 16:32:29,744:harvest_main:90:DEBUG] Changed the schedule - id = b'340'
[2021-03-15 16:32:30,157:harvest_main:90:DEBUG] Changed the schedule - id = b'341'
[2021-03-15 16:32:30,512:harvest_main:90:DEBUG] Changed the schedule - id = b'415'
[2021-03-15 16:32:30,903:harvest_main:90:DEBUG] Changed the schedule - id = b'342'
[2021-03-15 16:32:31,354:harvest_main:90:DEBUG] Changed the schedule - id = b'343'
[2021-03-15 16:32:31,813:harvest_main:90:DEBUG] Changed the schedule - id = b'344'
[2021-03-15 16:32:32,236:harvest_main:90:DEBUG] Changed the schedule - id = b'345'
[2021-03-15 16:32:32,629:harvest_main:90:DEBUG] Changed the schedule - id = b'346'
[2021-03-15 16:32:33,045:harvest_main:90:DEBUG] Changed the schedule - id = b'347'
[2021-03-15 16:32:33,427:harvest_main:90:DEBUG] Changed the schedule - id = b'348'
[2021-03-15 16:32:33,835:harvest_main:90:DEBUG] Changed the schedule - id = b'349'
[2021-03-15 16:32:34,280:harvest_main:90:DEBUG] Changed the schedule - id = b'350'
[2021-03-15 16:32:34,662:harvest_main:90:DEBUG] Changed the schedule - id = b'351'
[2021-03-15 16:32:35,073:harvest_main:90:DEBUG] Changed the schedule - id = b'352'
[2021-03-15 16:32:35,478:harvest_main:90:DEBUG] Changed the schedule - id = b'353'
[2021-03-15 16:32:35,874:harvest_main:90:DEBUG] Changed the schedule - id = b'354'
[2021-03-15 16:32:36,298:harvest_main:90:DEBUG] Changed the schedule - id = b'355'
[2021-03-15 16:32:36,675:harvest_main:90:DEBUG] Changed the schedule - id = b'356'
[2021-03-15 16:32:37,065:harvest_main:90:DEBUG] Changed the schedule - id = b'357'
[2021-03-15 16:32:37,438:harvest_main:90:DEBUG] Changed the schedule - id = b'359'
[2021-03-15 16:32:37,826:harvest_main:90:DEBUG] Changed the schedule - id = b'360'
[2021-03-15 16:32:38,199:harvest_main:90:DEBUG] Changed the schedule - id = b'363'
[2021-03-15 16:32:38,562:harvest_main:90:DEBUG] Changed the schedule - id = b'364'
[2021-03-15 16:32:38,954:harvest_main:90:DEBUG] Changed the schedule - id = b'365'
[2021-03-15 16:32:39,477:harvest_main:90:DEBUG] Changed the schedule - id = b'366'
[2021-03-15 16:32:39,953:harvest_main:90:DEBUG] Changed the schedule - id = b'367'
[2021-03-15 16:32:40,427:harvest_main:90:DEBUG] Changed the schedule - id = b'369'
[2021-03-15 16:32:40,804:harvest_main:90:DEBUG] Changed the schedule - id = b'370'
[2021-03-15 16:32:41,202:harvest_main:90:DEBUG] Changed the schedule - id = b'372'
[2021-03-15 16:32:41,580:harvest_main:90:DEBUG] Changed the schedule - id = b'373'
[2021-03-15 16:32:41,948:harvest_main:90:DEBUG] Changed the schedule - id = b'374'
[2021-03-15 16:32:42,330:harvest_main:90:DEBUG] Changed the schedule - id = b'375'
[2021-03-15 16:32:42,792:harvest_main:90:DEBUG] Changed the schedule - id = b'376'
[2021-03-15 16:32:43,202:harvest_main:90:DEBUG] Changed the schedule - id = b'377'
[2021-03-15 16:32:43,599:harvest_main:90:DEBUG] Changed the schedule - id = b'378'
[2021-03-15 16:32:43,986:harvest_main:90:DEBUG] Changed the schedule - id = b'379'
[2021-03-15 16:32:44,362:harvest_main:90:DEBUG] Changed the schedule - id = b'380'
[2021-03-15 16:32:44,816:harvest_main:90:DEBUG] Changed the schedule - id = b'381'
[2021-03-15 16:32:45,274:harvest_main:90:DEBUG] Changed the schedule - id = b'382'
[2021-03-15 16:32:45,694:harvest_main:90:DEBUG] Changed the schedule - id = b'383'
[2021-03-15 16:32:46,099:harvest_main:90:DEBUG] Changed the schedule - id = b'384'
[2021-03-15 16:32:46,489:harvest_main:90:DEBUG] Changed the schedule - id = b'385'
[2021-03-15 16:32:46,995:harvest_main:90:DEBUG] Changed the schedule - id = b'386'
[2021-03-15 16:32:47,409:harvest_main:90:DEBUG] Changed the schedule - id = b'387'
[2021-03-15 16:32:47,884:harvest_main:90:DEBUG] Changed the schedule - id = b'389'
[2021-03-15 16:32:48,270:harvest_main:90:DEBUG] Changed the schedule - id = b'390'
[2021-03-15 16:32:48,738:harvest_main:90:DEBUG] Changed the schedule - id = b'394'
[2021-03-15 16:32:49,153:harvest_main:90:DEBUG] Changed the schedule - id = b'395'
[2021-03-15 16:32:49,608:harvest_main:90:DEBUG] Changed the schedule - id = b'396'
[2021-03-15 16:32:50,089:harvest_main:90:DEBUG] Changed the schedule - id = b'407'
[2021-03-15 16:32:50,733:harvest_main:90:DEBUG] Changed the schedule - id = b'397'
[2021-03-15 16:32:51,167:harvest_main:90:DEBUG] Changed the schedule - id = b'398'
[2021-03-15 16:32:51,712:harvest_main:90:DEBUG] Changed the schedule - id = b'399'
[2021-03-15 16:32:52,209:harvest_main:90:DEBUG] Changed the schedule - id = b'400'
[2021-03-15 16:32:52,647:harvest_main:90:DEBUG] Changed the schedule - id = b'401'
[2021-03-15 16:32:53,118:harvest_main:90:DEBUG] Changed the schedule - id = b'402'
[2021-03-15 16:32:53,829:harvest_main:90:DEBUG] Changed the schedule - id = b'403'
[2021-03-15 16:32:54,398:harvest_main:90:DEBUG] Changed the schedule - id = b'404'
[2021-03-15 16:32:54,831:harvest_main:90:DEBUG] Changed the schedule - id = b'405'
[2021-03-15 16:32:55,272:harvest_main:90:DEBUG] Changed the schedule - id = b'406'
[2021-03-15 16:32:55,780:harvest_main:90:DEBUG] Changed the schedule - id = b'408'
[2021-03-15 16:32:56,258:harvest_main:90:DEBUG] Changed the schedule - id = b'409'
[2021-03-15 16:32:56,717:harvest_main:90:DEBUG] Changed the schedule - id = b'410'
[2021-03-15 16:32:57,209:harvest_main:90:DEBUG] Changed the schedule - id = b'411'
[2021-03-15 16:32:57,706:harvest_main:90:DEBUG] Changed the schedule - id = b'413'
[2021-03-15 16:32:58,293:harvest_main:90:DEBUG] Changed the schedule - id = b'416'
[2021-03-15 16:32:58,542:harvest_main:90:DEBUG] Changed the schedule - id = b'417'
[2021-03-15 16:32:58,743:harvest_main:90:DEBUG] Changed the schedule - id = b'418'
[2021-03-15 16:32:58,942:harvest_main:90:DEBUG] Changed the schedule - id = b'419'
[2021-03-15 16:32:59,176:harvest_main:90:DEBUG] Changed the schedule - id = b'420'
[2021-03-15 16:32:59,375:harvest_main:90:DEBUG] Changed the schedule - id = b'421'
[2021-03-15 16:32:59,791:harvest_main:90:DEBUG] Changed the schedule - id = b'422'
[2021-03-15 16:33:00,114:harvest_main:90:DEBUG] Changed the schedule - id = b'423'
[2021-03-15 16:33:00,421:harvest_main:90:DEBUG] Changed the schedule - id = b'424'
[2021-03-15 16:33:00,646:harvest_main:90:DEBUG] Changed the schedule - id = b'425'
[2021-03-15 16:33:00,948:harvest_main:90:DEBUG] Changed the schedule - id = b'426'
[2021-03-15 16:33:01,387:harvest_main:90:DEBUG] Changed the schedule - id = b'427'
[2021-03-15 16:33:01,863:harvest_main:90:DEBUG] Changed the schedule - id = b'428'
[2021-03-15 16:33:02,096:harvest_main:90:DEBUG] Changed the schedule - id = b'429'
[2021-03-15 16:33:02,299:harvest_main:90:DEBUG] Changed the schedule - id = b'430'
[2021-03-15 16:33:02,512:harvest_main:90:DEBUG] Changed the schedule - id = b'431'
[2021-03-15 16:33:02,747:harvest_main:90:DEBUG] Changed the schedule - id = b'432'
[2021-03-15 16:33:02,968:harvest_main:90:DEBUG] Changed the schedule - id = b'433'
[2021-03-15 16:33:03,145:harvest_main:90:DEBUG] Changed the schedule - id = b'436'
[2021-03-15 16:33:03,361:harvest_main:90:DEBUG] Changed the schedule - id = b'438'
[2021-03-15 16:33:03,523:harvest_main:90:DEBUG] Changed the schedule - id = b'439'
[2021-03-15 16:33:03,726:harvest_main:90:DEBUG] Changed the schedule - id = b'441'
[2021-03-15 16:33:03,926:harvest_main:90:DEBUG] Changed the schedule - id = b'442'
[2021-03-15 16:33:04,091:harvest_main:90:DEBUG] Changed the schedule - id = b'443'
[2021-03-15 16:33:04,268:harvest_main:90:DEBUG] Changed the schedule - id = b'445'
[2021-03-15 16:33:04,500:harvest_main:90:DEBUG] Changed the schedule - id = b'447'
[2021-03-15 16:33:04,725:harvest_main:90:DEBUG] Changed the schedule - id = b'449'
[2021-03-15 16:33:04,961:harvest_main:90:DEBUG] Changed the schedule - id = b'450'
[2021-03-15 16:33:05,163:harvest_main:90:DEBUG] Changed the schedule - id = b'452'
[2021-03-15 16:33:05,338:harvest_main:90:DEBUG] Changed the schedule - id = b'454'
[2021-03-15 16:33:05,508:harvest_main:90:DEBUG] Changed the schedule - id = b'457'
[2021-03-15 16:33:05,671:harvest_main:90:DEBUG] Changed the schedule - id = b'458'
[2021-03-15 16:33:05,895:harvest_main:90:DEBUG] Changed the schedule - id = b'461'
[2021-03-15 16:33:06,080:harvest_main:90:DEBUG] Changed the schedule - id = b'434'
[2021-03-15 16:33:06,362:harvest_main:90:DEBUG] Changed the schedule - id = b'435'
[2021-03-15 16:33:06,562:harvest_main:90:DEBUG] Changed the schedule - id = b'437'
[2021-03-15 16:33:06,762:harvest_main:90:DEBUG] Changed the schedule - id = b'440'
[2021-03-15 16:33:06,963:harvest_main:90:DEBUG] Changed the schedule - id = b'444'
[2021-03-15 16:33:07,153:harvest_main:90:DEBUG] Changed the schedule - id = b'446'
[2021-03-15 16:33:07,351:harvest_main:90:DEBUG] Changed the schedule - id = b'448'
[2021-03-15 16:33:07,558:harvest_main:90:DEBUG] Changed the schedule - id = b'451'
[2021-03-15 16:33:07,737:harvest_main:90:DEBUG] Changed the schedule - id = b'453'
[2021-03-15 16:33:07,950:harvest_main:90:DEBUG] Changed the schedule - id = b'455'
[2021-03-15 16:33:08,135:harvest_main:90:DEBUG] Changed the schedule - id = b'456'
[2021-03-15 16:33:08,328:harvest_main:90:DEBUG] Changed the schedule - id = b'459'
[2021-03-15 16:33:08,554:harvest_main:90:DEBUG] Changed the schedule - id = b'460'
[2021-03-15 16:33:08,575:harvest_main:92:DEBUG] Harvest schedule has been ended
[2021-03-16 18:58:37,858:main:14:DEBUG] Bot started
[2021-03-16 18:59:06,117:keys:11:DEBUG] New hash has benn added
[2021-03-16 19:00:54,182:main:14:DEBUG] Bot started
[2021-03-16 19:02:17,494:main:14:DEBUG] Bot started
[2021-03-16 19:05:04,019:main:14:DEBUG] Bot started
[2021-03-16 19:06:40,973:main:14:DEBUG] Bot started
[2021-03-16 19:11:16,418:main:14:DEBUG] Bot started
[2021-03-16 19:15:03,169:main:14:DEBUG] Bot started
[2021-03-16 19:16:23,973:main:14:DEBUG] Bot started
[2021-03-16 19:19:46,581:main:14:DEBUG] Bot started
[2021-03-16 19:20:49,002:main:14:DEBUG] Bot started
[2021-03-16 22:40:37,547:main:14:DEBUG] Bot started
[2021-03-16 22:43:54,284:main:14:DEBUG] Bot started
[2021-03-16 22:45:34,491:main:14:DEBUG] Bot started
[2021-03-16 22:45:51,286:main:14:DEBUG] Bot started
[2021-03-16 22:46:14,899:main:14:DEBUG] Bot started
[2021-03-16 22:48:18,032:main:14:DEBUG] Bot started
[2021-03-16 22:50:10,459:main:14:DEBUG] Bot started
[2021-03-16 22:50:42,337:handlers:166:DEBUG] Client is finding himself group - b'\xd1\x81\xd0\xb8\xd0\xb1 19 6'
[2021-03-16 22:52:01,682:handlers:227:DEBUG] New user: Name - b'\xd0\x90\xd1\x80\xd1\x82\xd1\x83\xd1\x80', surname - b'\xd0\x91\xd1\x80\xd0\xbe\xd0\xb2\xd0\xb8\xd0\xbd', group - b'396'
[2021-03-16 22:52:42,784:handlers:166:DEBUG] Client is finding himself group - b'\xd1\x81\xd0\xb8\xd0\xb1 19 6'
[2021-03-16 22:53:12,912:main:14:DEBUG] Bot started
[2021-03-16 22:54:01,789:handlers:167:DEBUG] Client is finding himself group - b'\xd1\x81\xd0\xb8\xd0\xb1 19 6'
[2021-03-16 22:54:10,421:handlers:228:DEBUG] New user: Name - b'\xd0\x90\xd1\x80\xd1\x82\xd1\x83\xd1\x80', surname - b'\xd0\x91\xd1\x80\xd0\xbe\xd0\xb2\xd0\xb8\xd0\xbd', group - b'396'
[2021-03-16 22:54:31,213:handlers:167:DEBUG] Client is finding himself group - b'\xd1\x81\xd0\xb8\xd0\xb1 19 6'
[2021-03-17 09:37:19,451:main:14:DEBUG] Bot started
[2021-03-17 09:38:47,300:handlers:87:DEBUG] New hash has benn added. User - 690976128
[2021-03-17 09:39:06,848:handlers:174:DEBUG] Client is finding himself group - b'\xd1\x81\xd0\xb8\xd0\xb1 19 6'
[2021-03-17 09:39:12,558:handlers:235:DEBUG] New user: Name - b'qwe', surname - b'qwe', group - b'396'
[2021-03-17 09:43:31,766:main:14:DEBUG] Bot started
[2021-03-17 09:48:10,050:main:14:DEBUG] Bot started
[2021-03-17 14:14:47,614:main:14:DEBUG] Bot started
[2021-03-17 14:18:03,867:main:14:DEBUG] Bot started
[2021-03-17 14:19:20,621:main:14:DEBUG] Bot started
[2021-03-17 19:19:30,075:harvest_main:90:DEBUG] Changed the schedule - id = b'69'
[2021-03-17 19:19:32,646:harvest_main:90:DEBUG] Changed the schedule - id = b'126'
[2021-03-17 19:19:34,799:harvest_main:90:DEBUG] Changed the schedule - id = b'144'
[2021-03-17 19:20:03,850:harvest_main:90:DEBUG] Changed the schedule - id = b'128'
[2021-03-17 19:20:05,312:harvest_main:90:DEBUG] Changed the schedule - id = b'134'
[2021-03-17 19:20:38,965:harvest_main:90:DEBUG] Changed the schedule - id = b'70'
[2021-03-17 19:20:43,111:harvest_main:90:DEBUG] Changed the schedule - id = b'127'
[2021-03-17 19:20:43,897:harvest_main:90:DEBUG] Changed the schedule - id = b'136'
[2021-03-17 19:22:06,775:harvest_main:90:DEBUG] Changed the schedule - id = b'440'
[2021-03-17 19:22:07,740:harvest_main:92:DEBUG] Harvest schedule has been ended
[2021-03-18 02:26:58,272:main:15:DEBUG] Bot started
[2021-03-18 02:28:48,836:main:15:DEBUG] Bot started
[2021-03-18 02:30:12,960:main:15:DEBUG] Bot started
[2021-03-18 02:32:22,774:main:15:DEBUG] Bot started
[2021-03-21 15:44:25,996:main:15:DEBUG] Bot started
[2021-03-21 15:44:57,130:harvest_main:90:DEBUG] Changed the schedule - id = b'113'
[2021-03-21 15:44:57,508:harvest_main:90:DEBUG] Changed the schedule - id = b'119'
[2021-03-21 15:44:57,891:harvest_main:90:DEBUG] Changed the schedule - id = b'76'
[2021-03-21 15:44:59,373:harvest_main:90:DEBUG] Changed the schedule - id = b'131'
[2021-03-21 15:44:59,727:harvest_main:90:DEBUG] Changed the schedule - id = b'132'
[2021-03-21 15:45:00,087:harvest_main:90:DEBUG] Changed the schedule - id = b'135'
[2021-03-21 15:45:00,455:harvest_main:90:DEBUG] Changed the schedule - id = b'148'
[2021-03-21 15:45:00,832:harvest_main:90:DEBUG] Changed the schedule - id = b'149'
[2021-03-21 15:45:01,192:harvest_main:90:DEBUG] Changed the schedule - id = b'150'
[2021-03-21 15:45:02,352:harvest_main:90:DEBUG] Changed the schedule - id = b'157'
[2021-03-21 15:45:02,737:harvest_main:90:DEBUG] Changed the schedule - id = b'158'
[2021-03-21 15:45:03,144:harvest_main:90:DEBUG] Changed the schedule - id = b'159'
[2021-03-21 15:45:03,522:harvest_main:90:DEBUG] Changed the schedule - id = b'160'
[2021-03-21 15:45:04,272:harvest_main:90:DEBUG] Changed the schedule - id = b'161'
[2021-03-21 15:45:04,660:harvest_main:90:DEBUG] Changed the schedule - id = b'162'
[2021-03-21 15:45:05,026:harvest_main:90:DEBUG] Changed the schedule - id = b'163'
[2021-03-21 15:45:05,417:harvest_main:90:DEBUG] Changed the schedule - id = b'164'
[2021-03-21 15:45:05,806:harvest_main:90:DEBUG] Changed the schedule - id = b'165'
[2021-03-21 15:45:06,194:harvest_main:90:DEBUG] Changed the schedule - id = b'166'
[2021-03-21 15:45:06,570:harvest_main:90:DEBUG] Changed the schedule - id = b'167'
[2021-03-21 15:45:06,950:harvest_main:90:DEBUG] Changed the schedule - id = b'168'
[2021-03-21 15:45:07,334:harvest_main:90:DEBUG] Changed the schedule - id = b'169'
[2021-03-21 15:45:07,696:harvest_main:90:DEBUG] Changed the schedule - id = b'170'
[2021-03-21 15:45:08,161:harvest_main:90:DEBUG] Changed the schedule - id = b'173'
[2021-03-21 15:45:08,651:harvest_main:90:DEBUG] Changed the schedule - id = b'174'
[2021-03-21 15:45:09,043:harvest_main:90:DEBUG] Changed the schedule - id = b'175'
[2021-03-21 15:45:10,257:harvest_main:90:DEBUG] Changed the schedule - id = b'188'
[2021-03-21 15:45:10,632:harvest_main:90:DEBUG] Changed the schedule - id = b'189'
[2021-03-21 15:45:13,738:harvest_main:90:DEBUG] Changed the schedule - id = b'46'
[2021-03-21 15:45:20,049:harvest_main:90:DEBUG] Changed the schedule - id = b'78'
[2021-03-21 15:45:32,598:harvest_main:90:DEBUG] Changed the schedule - id = b'139'
[2021-03-21 15:45:36,328:harvest_main:90:DEBUG] Changed the schedule - id = b'171'
[2021-03-21 15:45:36,686:harvest_main:90:DEBUG] Changed the schedule - id = b'172'
[2021-03-21 15:45:39,340:harvest_main:90:DEBUG] Changed the schedule - id = b'190'
[2021-03-21 15:45:39,703:harvest_main:90:DEBUG] Changed the schedule - id = b'191'
[2021-03-21 15:45:56,080:harvest_main:90:DEBUG] Changed the schedule - id = b'49'
[2021-03-21 15:46:20,762:harvest_main:90:DEBUG] Changed the schedule - id = b'274'
[2021-03-21 15:46:21,823:harvest_main:90:DEBUG] Changed the schedule - id = b'265'
[2021-03-21 15:46:22,149:harvest_main:90:DEBUG] Changed the schedule - id = b'266'
[2021-03-21 15:46:22,503:harvest_main:90:DEBUG] Changed the schedule - id = b'267'
[2021-03-21 15:46:22,871:harvest_main:90:DEBUG] Changed the schedule - id = b'268'
[2021-03-21 15:46:23,217:harvest_main:90:DEBUG] Changed the schedule - id = b'273'
[2021-03-21 15:46:36,944:harvest_main:90:DEBUG] Changed the schedule - id = b'295'
[2021-03-21 15:46:39,565:harvest_main:90:DEBUG] Changed the schedule - id = b'305'
[2021-03-21 15:46:57,617:harvest_main:90:DEBUG] Changed the schedule - id = b'330'
[2021-03-21 15:46:57,942:harvest_main:90:DEBUG] Changed the schedule - id = b'332'
[2021-03-21 15:46:58,277:harvest_main:90:DEBUG] Changed the schedule - id = b'333'
[2021-03-21 15:46:58,688:harvest_main:90:DEBUG] Changed the schedule - id = b'334'
[2021-03-21 15:46:59,035:harvest_main:90:DEBUG] Changed the schedule - id = b'335'
[2021-03-21 15:46:59,508:harvest_main:90:DEBUG] Changed the schedule - id = b'337'
[2021-03-21 15:46:59,864:harvest_main:90:DEBUG] Changed the schedule - id = b'338'
[2021-03-21 15:47:00,196:harvest_main:90:DEBUG] Changed the schedule - id = b'339'
[2021-03-21 15:47:00,562:harvest_main:90:DEBUG] Changed the schedule - id = b'371'
[2021-03-21 15:47:00,925:harvest_main:90:DEBUG] Changed the schedule - id = b'391'
[2021-03-21 15:47:01,258:harvest_main:90:DEBUG] Changed the schedule - id = b'392'
[2021-03-21 15:47:01,606:harvest_main:90:DEBUG] Changed the schedule - id = b'393'
[2021-03-21 15:47:01,925:harvest_main:90:DEBUG] Changed the schedule - id = b'361'
[2021-03-21 15:47:02,283:harvest_main:90:DEBUG] Changed the schedule - id = b'362'
[2021-03-21 15:47:02,948:harvest_main:90:DEBUG] Changed the schedule - id = b'412'
[2021-03-21 15:47:03,658:harvest_main:90:DEBUG] Changed the schedule - id = b'324'
[2021-03-21 15:47:05,532:harvest_main:90:DEBUG] Changed the schedule - id = b'336'
[2021-03-21 15:47:13,255:harvest_main:90:DEBUG] Changed the schedule - id = b'366'
[2021-03-21 15:47:29,976:harvest_main:90:DEBUG] Changed the schedule - id = b'417'
[2021-03-21 15:47:30,100:harvest_main:90:DEBUG] Changed the schedule - id = b'418'
[2021-03-21 15:47:30,264:harvest_main:90:DEBUG] Changed the schedule - id = b'419'
[2021-03-21 15:47:30,383:harvest_main:90:DEBUG] Changed the schedule - id = b'445'
[2021-03-21 15:47:30,515:harvest_main:90:DEBUG] Changed the schedule - id = b'420'
[2021-03-21 15:47:30,638:harvest_main:90:DEBUG] Changed the schedule - id = b'421'
[2021-03-21 15:47:30,754:harvest_main:90:DEBUG] Changed the schedule - id = b'422'
[2021-03-21 15:47:30,875:harvest_main:90:DEBUG] Changed the schedule - id = b'423'
[2021-03-21 15:47:30,997:harvest_main:90:DEBUG] Changed the schedule - id = b'424'
[2021-03-21 15:47:31,104:harvest_main:90:DEBUG] Changed the schedule - id = b'425'
[2021-03-21 15:47:31,267:harvest_main:90:DEBUG] Changed the schedule - id = b'426'
[2021-03-21 15:47:31,386:harvest_main:90:DEBUG] Changed the schedule - id = b'427'
[2021-03-21 15:47:31,523:harvest_main:90:DEBUG] Changed the schedule - id = b'428'
[2021-03-21 15:47:31,651:harvest_main:90:DEBUG] Changed the schedule - id = b'429'
[2021-03-21 15:47:31,776:harvest_main:90:DEBUG] Changed the schedule - id = b'430'
[2021-03-21 15:47:31,890:harvest_main:90:DEBUG] Changed the schedule - id = b'431'
[2021-03-21 15:47:32,001:harvest_main:90:DEBUG] Changed the schedule - id = b'432'
[2021-03-21 15:47:32,124:harvest_main:90:DEBUG] Changed the schedule - id = b'433'
[2021-03-21 15:47:32,259:harvest_main:90:DEBUG] Changed the schedule - id = b'436'
[2021-03-21 15:47:32,367:harvest_main:90:DEBUG] Changed the schedule - id = b'438'
[2021-03-21 15:47:32,516:harvest_main:90:DEBUG] Changed the schedule - id = b'439'
[2021-03-21 15:47:32,651:harvest_main:90:DEBUG] Changed the schedule - id = b'441'
[2021-03-21 15:47:32,783:harvest_main:90:DEBUG] Changed the schedule - id = b'442'
[2021-03-21 15:47:32,895:harvest_main:90:DEBUG] Changed the schedule - id = b'443'
[2021-03-21 15:47:33,005:harvest_main:90:DEBUG] Changed the schedule - id = b'447'
[2021-03-21 15:47:33,119:harvest_main:90:DEBUG] Changed the schedule - id = b'449'
[2021-03-21 15:47:33,240:harvest_main:90:DEBUG] Changed the schedule - id = b'450'
[2021-03-21 15:47:33,360:harvest_main:90:DEBUG] Changed the schedule - id = b'452'
[2021-03-21 15:47:33,523:harvest_main:90:DEBUG] Changed the schedule - id = b'454'
[2021-03-21 15:47:33,641:harvest_main:90:DEBUG] Changed the schedule - id = b'457'
[2021-03-21 15:47:33,786:harvest_main:90:DEBUG] Changed the schedule - id = b'458'
[2021-03-21 15:47:33,920:harvest_main:90:DEBUG] Changed the schedule - id = b'461'
[2021-03-21 15:47:36,109:harvest_main:92:DEBUG] Harvest schedule has been ended
[2021-03-21 15:55:41,058:main:15:DEBUG] Bot started
[2021-03-21 15:56:45,724:main:15:DEBUG] Bot started
[2021-03-21 21:31:33,469:harvest_main:90:DEBUG] Changed the schedule - id = b'29'
[2021-03-21 21:31:33,941:harvest_main:90:DEBUG] Changed the schedule - id = b'8'
[2021-03-21 21:31:34,175:harvest_main:90:DEBUG] Changed the schedule - id = b'12'
[2021-03-21 21:31:34,953:harvest_main:90:DEBUG] Changed the schedule - id = b'21'
[2021-03-21 21:31:35,305:harvest_main:90:DEBUG] Changed the schedule - id = b'26'
[2021-03-21 21:31:35,633:harvest_main:90:DEBUG] Changed the schedule - id = b'32'
[2021-03-21 21:31:35,917:harvest_main:90:DEBUG] Changed the schedule - id = b'34'
[2021-03-21 21:31:36,212:harvest_main:90:DEBUG] Changed the schedule - id = b'23'
[2021-03-21 21:31:36,707:harvest_main:90:DEBUG] Changed the schedule - id = b'16'
[2021-03-21 21:31:37,071:harvest_main:90:DEBUG] Changed the schedule - id = b'36'
[2021-03-21 21:31:37,309:harvest_main:90:DEBUG] Changed the schedule - id = b'7'
[2021-03-21 21:31:37,578:harvest_main:90:DEBUG] Changed the schedule - id = b'15'
[2021-03-21 21:31:37,793:harvest_main:90:DEBUG] Changed the schedule - id = b'13'
[2021-03-21 21:31:38,284:harvest_main:90:DEBUG] Changed the schedule - id = b'35'
[2021-03-21 21:31:38,537:harvest_main:90:DEBUG] Changed the schedule - id = b'5'
[2021-03-21 21:31:38,961:harvest_main:90:DEBUG] Changed the schedule - id = b'17'
[2021-03-21 21:31:40,628:harvest_main:90:DEBUG] Changed the schedule - id = b'25'
[2021-03-21 21:31:41,007:harvest_main:90:DEBUG] Changed the schedule - id = b'30'
[2021-03-21 21:31:41,173:harvest_main:90:DEBUG] Changed the schedule - id = b'37'
[2021-03-21 21:31:41,537:harvest_main:90:DEBUG] Changed the schedule - id = b'27'
[2021-03-21 21:31:41,679:harvest_main:90:DEBUG] Changed the schedule - id = b'28'
[2021-03-21 21:31:41,987:harvest_main:90:DEBUG] Changed the schedule - id = b'31'
[2021-03-21 21:31:42,271:harvest_main:90:DEBUG] Changed the schedule - id = b'11'
[2021-03-21 21:31:42,566:harvest_main:90:DEBUG] Changed the schedule - id = b'18'
[2021-03-21 21:31:42,842:harvest_main:90:DEBUG] Changed the schedule - id = b'42'
[2021-03-21 21:31:44,401:harvest_main:90:DEBUG] Changed the schedule - id = b'3'
[2021-03-21 21:31:44,747:harvest_main:90:DEBUG] Changed the schedule - id = b'10'
[2021-03-21 21:31:44,902:harvest_main:90:DEBUG] Changed the schedule - id = b'20'
[2021-03-21 21:31:45,026:harvest_main:90:DEBUG] Changed the schedule - id = b'22'
[2021-03-21 21:31:45,203:harvest_main:90:DEBUG] Changed the schedule - id = b'33'
[2021-03-21 21:31:45,333:harvest_main:90:DEBUG] Changed the schedule - id = b'38'
[2021-03-21 21:31:45,807:harvest_main:90:DEBUG] Changed the schedule - id = b'41'
[2021-03-21 21:31:45,996:harvest_main:90:DEBUG] Changed the schedule - id = b'1'
[2021-03-21 21:31:46,144:harvest_main:90:DEBUG] Changed the schedule - id = b'2'
[2021-03-21 21:31:46,255:harvest_main:90:DEBUG] Changed the schedule - id = b'4'
[2021-03-21 21:31:46,556:harvest_main:90:DEBUG] Changed the schedule - id = b'14'
[2021-03-21 21:31:46,742:harvest_main:90:DEBUG] Changed the schedule - id = b'19'
[2021-03-21 21:31:46,874:harvest_main:90:DEBUG] Changed the schedule - id = b'9'
[2021-03-21 21:32:04,287:harvest_main:90:DEBUG] Changed the schedule - id = b'69'
[2021-03-21 21:32:05,044:harvest_main:90:DEBUG] Changed the schedule - id = b'70'
[2021-03-21 21:32:14,516:harvest_main:90:DEBUG] Changed the schedule - id = b'97'
[2021-03-21 21:35:11,766:harvest_main:90:DEBUG] Changed the schedule - id = b'440'
[2021-03-21 21:35:12,932:harvest_main:92:DEBUG] Harvest schedule has been ended
[2021-03-21 21:50:40,904:main:15:DEBUG] Bot started
[2021-03-21 21:52:16,890:main:15:DEBUG] Bot started
[2021-03-21 21:52:53,043:main:15:DEBUG] Bot started
[2021-03-21 21:53:58,893:main:15:DEBUG] Bot started
[2021-03-21 21:56:44,537:main:15:DEBUG] Bot started
[2021-03-21 21:58:00,180:main:15:DEBUG] Bot started
[2021-03-21 22:00:49,314:main:15:DEBUG] Bot started
[2021-03-21 22:02:41,636:main:15:DEBUG] Bot started
[2021-03-21 22:04:35,662:main:15:DEBUG] Bot started
[2021-03-21 22:07:11,821:main:15:DEBUG] Bot started
[2021-03-21 22:10:10,567:main:15:DEBUG] Bot started
[2021-03-21 22:11:17,796:main:15:DEBUG] Bot started
[2021-03-21 22:12:38,253:main:15:DEBUG] Bot started
[2021-03-21 22:14:34,962:main:15:DEBUG] Bot started
[2021-03-21 22:16:11,419:main:15:DEBUG] Bot started
[2021-03-21 22:17:38,935:main:15:DEBUG] Bot started
[2021-03-21 22:19:18,018:main:15:DEBUG] Bot started
[2021-03-21 22:21:49,001:main:15:DEBUG] Bot started
[2021-03-21 22:24:26,946:main:15:DEBUG] Bot started
[2021-03-21 22:26:12,681:main:15:DEBUG] Bot started
[2021-03-21 22:27:33,857:main:15:DEBUG] Bot started
[2021-03-21 22:30:06,353:main:15:DEBUG] Bot started
[2021-03-21 22:59:28,726:main:15:DEBUG] Bot started
[2021-03-21 23:00:46,336:main:15:DEBUG] Bot started
[2021-03-21 23:02:03,879:main:15:DEBUG] Bot started
[2021-03-21 23:04:07,243:main:15:DEBUG] Bot started
[2021-03-21 23:06:59,949:main:15:DEBUG] Bot started
[2021-03-21 23:07:57,965:main:15:DEBUG] Bot started
[2021-03-21 23:12:47,921:main:15:DEBUG] Bot started
[2021-03-21 23:14:11,772:main:15:DEBUG] Bot started
[2021-03-21 23:39:02,641:main:15:DEBUG] Bot started
[2021-03-22 00:06:40,211:main:15:DEBUG] Bot started
[2021-03-22 00:07:13,599:harvest_main:90:DEBUG] Changed the schedule - id = b'29'
[2021-03-22 00:08:03,323:main:15:DEBUG] Bot started
[2021-03-22 00:08:28,389:harvest_main:90:DEBUG] Changed the schedule - id = b'29'
[2021-03-22 00:08:31,667:harvest_main:90:DEBUG] Changed the schedule - id = b'9'
[2021-03-22 00:08:32,403:harvest_main:90:DEBUG] Changed the schedule - id = b'113'
[2021-03-22 00:08:33,130:harvest_main:90:DEBUG] Changed the schedule - id = b'119'
[2021-03-22 00:08:33,495:harvest_main:90:DEBUG] Changed the schedule - id = b'76'
[2021-03-22 00:08:35,078:harvest_main:90:DEBUG] Changed the schedule - id = b'135'
[2021-03-22 00:08:35,431:harvest_main:90:DEBUG] Changed the schedule - id = b'148'
[2021-03-22 00:08:35,884:harvest_main:90:DEBUG] Changed the schedule - id = b'131'
[2021-03-22 00:08:36,245:harvest_main:90:DEBUG] Changed the schedule - id = b'132'
[2021-03-22 00:08:36,622:harvest_main:90:DEBUG] Changed the schedule - id = b'150'
[2021-03-22 00:08:37,035:harvest_main:90:DEBUG] Changed the schedule - id = b'157'
[2021-03-22 00:08:38,142:harvest_main:90:DEBUG] Changed the schedule - id = b'158'
[2021-03-22 00:08:38,506:harvest_main:90:DEBUG] Changed the schedule - id = b'159'
[2021-03-22 00:08:38,860:harvest_main:90:DEBUG] Changed the schedule - id = b'160'
[2021-03-22 00:08:39,212:harvest_main:90:DEBUG] Changed the schedule - id = b'161'
[2021-03-22 00:08:39,594:harvest_main:90:DEBUG] Changed the schedule - id = b'162'
[2021-03-22 00:08:39,946:harvest_main:90:DEBUG] Changed the schedule - id = b'163'
[2021-03-22 00:08:40,381:harvest_main:90:DEBUG] Changed the schedule - id = b'164'
[2021-03-22 00:08:40,737:harvest_main:90:DEBUG] Changed the schedule - id = b'165'
[2021-03-22 00:08:41,113:harvest_main:90:DEBUG] Changed the schedule - id = b'166'
[2021-03-22 00:08:41,470:harvest_main:90:DEBUG] Changed the schedule - id = b'167'
[2021-03-22 00:08:41,833:harvest_main:90:DEBUG] Changed the schedule - id = b'149'
[2021-03-22 00:08:42,174:harvest_main:90:DEBUG] Changed the schedule - id = b'168'
[2021-03-22 00:08:42,514:harvest_main:90:DEBUG] Changed the schedule - id = b'169'
[2021-03-22 00:08:42,893:harvest_main:90:DEBUG] Changed the schedule - id = b'170'
[2021-03-22 00:08:43,260:harvest_main:90:DEBUG] Changed the schedule - id = b'173'
[2021-03-22 00:08:43,615:harvest_main:90:DEBUG] Changed the schedule - id = b'174'
[2021-03-22 00:08:44,017:harvest_main:90:DEBUG] Changed the schedule - id = b'175'
[2021-03-22 00:08:45,133:harvest_main:90:DEBUG] Changed the schedule - id = b'189'
[2021-03-22 00:08:48,421:harvest_main:90:DEBUG] Changed the schedule - id = b'46'
[2021-03-22 00:08:49,593:harvest_main:90:DEBUG] Changed the schedule - id = b'188'
[2021-03-22 00:08:54,517:harvest_main:90:DEBUG] Changed the schedule - id = b'78'
[2021-03-22 00:09:06,121:harvest_main:90:DEBUG] Changed the schedule - id = b'139'
[2021-03-22 00:09:09,741:harvest_main:90:DEBUG] Changed the schedule - id = b'171'
[2021-03-22 00:09:11,423:harvest_main:90:DEBUG] Changed the schedule - id = b'172'
[2021-03-22 00:09:14,443:harvest_main:90:DEBUG] Changed the schedule - id = b'190'
[2021-03-22 00:09:14,854:harvest_main:90:DEBUG] Changed the schedule - id = b'191'
[2021-03-22 00:09:29,497:harvest_main:90:DEBUG] Changed the schedule - id = b'49'
[2021-03-22 00:09:52,976:harvest_main:90:DEBUG] Changed the schedule - id = b'268'
[2021-03-22 00:09:54,250:harvest_main:90:DEBUG] Changed the schedule - id = b'273'
[2021-03-22 00:09:54,607:harvest_main:90:DEBUG] Changed the schedule - id = b'274'
[2021-03-22 00:09:54,960:harvest_main:90:DEBUG] Changed the schedule - id = b'265'
[2021-03-22 00:09:55,325:harvest_main:90:DEBUG] Changed the schedule - id = b'266'
[2021-03-22 00:09:55,680:harvest_main:90:DEBUG] Changed the schedule - id = b'267'
[2021-03-22 00:10:06,956:harvest_main:90:DEBUG] Changed the schedule - id = b'295'
[2021-03-22 00:10:08,431:harvest_main:90:DEBUG] Changed the schedule - id = b'305'
[2021-03-22 00:10:26,175:harvest_main:90:DEBUG] Changed the schedule - id = b'333'
[2021-03-22 00:10:26,515:harvest_main:90:DEBUG] Changed the schedule - id = b'334'
[2021-03-22 00:10:26,849:harvest_main:90:DEBUG] Changed the schedule - id = b'338'
[2021-03-22 00:10:27,176:harvest_main:90:DEBUG] Changed the schedule - id = b'339'
[2021-03-22 00:10:27,520:harvest_main:90:DEBUG] Changed the schedule - id = b'330'
[2021-03-22 00:10:27,852:harvest_main:90:DEBUG] Changed the schedule - id = b'332'
[2021-03-22 00:10:28,183:harvest_main:90:DEBUG] Changed the schedule - id = b'335'
[2021-03-22 00:10:28,619:harvest_main:90:DEBUG] Changed the schedule - id = b'337'
[2021-03-22 00:10:29,397:harvest_main:90:DEBUG] Changed the schedule - id = b'371'
[2021-03-22 00:10:29,759:harvest_main:90:DEBUG] Changed the schedule - id = b'391'
[2021-03-22 00:10:30,074:harvest_main:90:DEBUG] Changed the schedule - id = b'392'
[2021-03-22 00:10:30,414:harvest_main:90:DEBUG] Changed the schedule - id = b'393'
[2021-03-22 00:10:30,762:harvest_main:90:DEBUG] Changed the schedule - id = b'361'
[2021-03-22 00:10:31,108:harvest_main:90:DEBUG] Changed the schedule - id = b'362'
[2021-03-22 00:10:31,990:harvest_main:90:DEBUG] Changed the schedule - id = b'412'
[2021-03-22 00:10:32,364:harvest_main:90:DEBUG] Changed the schedule - id = b'324'
[2021-03-22 00:10:34,201:harvest_main:90:DEBUG] Changed the schedule - id = b'336'
[2021-03-22 00:10:42,315:harvest_main:90:DEBUG] Changed the schedule - id = b'366'
[2021-03-22 00:10:55,602:harvest_main:90:DEBUG] Changed the schedule - id = b'429'
[2021-03-22 00:10:55,716:harvest_main:90:DEBUG] Changed the schedule - id = b'430'
[2021-03-22 00:10:55,826:harvest_main:90:DEBUG] Changed the schedule - id = b'431'
[2021-03-22 00:10:55,949:harvest_main:90:DEBUG] Changed the schedule - id = b'432'
[2021-03-22 00:10:56,093:harvest_main:90:DEBUG] Changed the schedule - id = b'433'
[2021-03-22 00:10:56,217:harvest_main:90:DEBUG] Changed the schedule - id = b'436'
[2021-03-22 00:10:56,323:harvest_main:90:DEBUG] Changed the schedule - id = b'438'
[2021-03-22 00:10:56,436:harvest_main:90:DEBUG] Changed the schedule - id = b'439'
[2021-03-22 00:10:56,548:harvest_main:90:DEBUG] Changed the schedule - id = b'441'
[2021-03-22 00:10:56,655:harvest_main:90:DEBUG] Changed the schedule - id = b'442'
[2021-03-22 00:10:56,761:harvest_main:90:DEBUG] Changed the schedule - id = b'443'
[2021-03-22 00:10:56,872:harvest_main:90:DEBUG] Changed the schedule - id = b'447'
[2021-03-22 00:10:56,981:harvest_main:90:DEBUG] Changed the schedule - id = b'449'
[2021-03-22 00:10:57,090:harvest_main:90:DEBUG] Changed the schedule - id = b'450'
[2021-03-22 00:10:57,226:harvest_main:90:DEBUG] Changed the schedule - id = b'417'
[2021-03-22 00:10:57,364:harvest_main:90:DEBUG] Changed the schedule - id = b'418'
[2021-03-22 00:10:57,485:harvest_main:90:DEBUG] Changed the schedule - id = b'419'
[2021-03-22 00:10:57,603:harvest_main:90:DEBUG] Changed the schedule - id = b'445'
[2021-03-22 00:10:57,729:harvest_main:90:DEBUG] Changed the schedule - id = b'420'
[2021-03-22 00:10:57,866:harvest_main:90:DEBUG] Changed the schedule - id = b'421'
[2021-03-22 00:10:58,017:harvest_main:90:DEBUG] Changed the schedule - id = b'422'
[2021-03-22 00:10:58,159:harvest_main:90:DEBUG] Changed the schedule - id = b'423'
[2021-03-22 00:10:58,295:harvest_main:90:DEBUG] Changed the schedule - id = b'424'
[2021-03-22 00:10:58,446:harvest_main:90:DEBUG] Changed the schedule - id = b'425'
[2021-03-22 00:10:58,601:harvest_main:90:DEBUG] Changed the schedule - id = b'426'
[2021-03-22 00:10:58,708:harvest_main:90:DEBUG] Changed the schedule - id = b'427'
[2021-03-22 00:10:58,826:harvest_main:90:DEBUG] Changed the schedule - id = b'428'
[2021-03-22 00:10:58,965:harvest_main:90:DEBUG] Changed the schedule - id = b'452'
[2021-03-22 00:10:59,095:harvest_main:90:DEBUG] Changed the schedule - id = b'454'
[2021-03-22 00:10:59,215:harvest_main:90:DEBUG] Changed the schedule - id = b'457'
[2021-03-22 00:10:59,346:harvest_main:90:DEBUG] Changed the schedule - id = b'458'
[2021-03-22 00:10:59,465:harvest_main:90:DEBUG] Changed the schedule - id = b'461'
[2021-03-22 00:11:01,106:harvest_main:92:DEBUG] Harvest schedule has been ended
[2021-03-22 00:16:34,841:main:15:DEBUG] Bot started
[2021-03-22 00:16:58,969:harvest_main:91:DEBUG] Changed the schedule - id = b'29'
[2021-03-22 00:17:01,666:harvest_main:91:DEBUG] Changed the schedule - id = b'9'
[2021-03-22 00:17:03,199:harvest_main:91:DEBUG] Changed the schedule - id = b'113'
[2021-03-22 00:17:03,608:harvest_main:91:DEBUG] Changed the schedule - id = b'119'
[2021-03-22 00:17:04,053:harvest_main:91:DEBUG] Changed the schedule - id = b'76'
[2021-03-22 00:17:04,399:harvest_main:91:DEBUG] Changed the schedule - id = b'132'
[2021-03-22 00:17:05,721:harvest_main:91:DEBUG] Changed the schedule - id = b'135'
[2021-03-22 00:17:06,224:harvest_main:91:DEBUG] Changed the schedule - id = b'148'
[2021-03-22 00:17:06,669:harvest_main:91:DEBUG] Changed the schedule - id = b'131'
[2021-03-22 00:17:07,037:harvest_main:91:DEBUG] Changed the schedule - id = b'150'
[2021-03-22 00:17:07,403:harvest_main:91:DEBUG] Changed the schedule - id = b'170'
[2021-03-22 00:17:07,794:harvest_main:91:DEBUG] Changed the schedule - id = b'173'
[2021-03-22 00:17:08,985:harvest_main:91:DEBUG] Changed the schedule - id = b'174'
[2021-03-22 00:17:09,362:harvest_main:91:DEBUG] Changed the schedule - id = b'175'
[2021-03-22 00:17:09,795:harvest_main:91:DEBUG] Changed the schedule - id = b'157'
[2021-03-22 00:17:10,158:harvest_main:91:DEBUG] Changed the schedule - id = b'158'
[2021-03-22 00:17:10,510:harvest_main:91:DEBUG] Changed the schedule - id = b'159'
[2021-03-22 00:17:10,872:harvest_main:91:DEBUG] Changed the schedule - id = b'160'
[2021-03-22 00:17:11,239:harvest_main:91:DEBUG] Changed the schedule - id = b'161'
[2021-03-22 00:17:11,637:harvest_main:91:DEBUG] Changed the schedule - id = b'162'
[2021-03-22 00:17:12,008:harvest_main:91:DEBUG] Changed the schedule - id = b'163'
[2021-03-22 00:17:12,370:harvest_main:91:DEBUG] Changed the schedule - id = b'164'
[2021-03-22 00:17:12,715:harvest_main:91:DEBUG] Changed the schedule - id = b'165'
[2021-03-22 00:17:13,111:harvest_main:91:DEBUG] Changed the schedule - id = b'166'
[2021-03-22 00:17:13,475:harvest_main:91:DEBUG] Changed the schedule - id = b'167'
[2021-03-22 00:17:13,874:harvest_main:91:DEBUG] Changed the schedule - id = b'149'
[2021-03-22 00:17:14,301:harvest_main:91:DEBUG] Changed the schedule - id = b'168'
[2021-03-22 00:17:14,679:harvest_main:91:DEBUG] Changed the schedule - id = b'169'
[2021-03-22 00:17:15,068:harvest_main:91:DEBUG] Changed the schedule - id = b'189'
[2021-03-22 00:17:19,174:harvest_main:91:DEBUG] Changed the schedule - id = b'46'
[2021-03-22 00:17:20,716:harvest_main:91:DEBUG] Changed the schedule - id = b'188'
[2021-03-22 00:21:03,390:main:15:DEBUG] Bot started
[2021-03-22 00:24:05,230:harvest_main:92:DEBUG] Harvest schedule has been ended
[2021-03-22 00:24:49,537:main:15:DEBUG] Bot started
[2021-03-22 00:26:38,210:main:15:DEBUG] Bot started
[2021-03-22 00:27:41,227:main:15:DEBUG] Bot started
[2021-03-22 00:29:01,393:main:15:DEBUG] Bot started
[2021-03-22 00:31:17,387:main:15:DEBUG] Bot started
[2021-03-22 00:48:51,710:main:15:DEBUG] Bot started
[2021-03-22 00:55:39,183:main:15:DEBUG] Bot started
[2021-03-22 00:56:29,466:main:15:DEBUG] Bot started
[2021-03-22 00:57:25,913:main:15:DEBUG] Bot started
[2021-03-22 00:58:21,547:main:15:DEBUG] Bot started
[2021-03-22 01:00:19,482:main:15:DEBUG] Bot started
[2021-03-22 01:01:30,270:main:15:DEBUG] Bot started
[2021-03-22 01:02:27,755:main:15:DEBUG] Bot started
[2021-03-22 01:05:17,157:harvest_main:95:DEBUG] Harvest schedule has been ended
[2021-03-22 01:15:23,955:main:15:DEBUG] Bot started
[2021-03-22 01:16:32,604:main:15:DEBUG] Bot started
[2021-03-22 01:17:47,415:main:15:DEBUG] Bot started
[2021-03-22 01:20:04,140:main:15:DEBUG] Bot started
[2021-03-22 01:22:49,286:main:15:DEBUG] Bot started
[2021-03-22 01:25:32,749:main:15:DEBUG] Bot started
[2021-03-22 01:27:18,713:main:15:DEBUG] Bot started
[2021-03-22 01:30:09,908:main:15:DEBUG] Bot started
[2021-03-22 01:31:13,892:main:15:DEBUG] Bot started
[2021-03-22 01:33:17,653:main:15:DEBUG] Bot started
[2021-03-22 01:34:28,818:main:15:DEBUG] Bot started
[2021-03-22 01:35:37,783:main:15:DEBUG] Bot started
[2021-03-22 01:38:10,816:main:15:DEBUG] Bot started
[2021-03-22 01:39:43,211:main:15:DEBUG] Bot started
[2021-03-22 01:41:27,445:main:15:DEBUG] Bot started
[2021-03-22 01:43:05,742:main:15:DEBUG] Bot started
[2021-03-22 01:44:59,842:main:15:DEBUG] Bot started
[2021-03-22 01:46:50,622:main:15:DEBUG] Bot started
[2021-03-22 01:57:21,396:main:15:DEBUG] Bot started
[2021-03-22 01:59:14,428:main:15:DEBUG] Bot started
[2021-03-22 02:01:01,431:main:15:DEBUG] Bot started
[2021-03-22 02:01:29,832:main:15:DEBUG] Bot started
[2021-03-22 02:03:00,260:main:15:DEBUG] Bot started
