[2021-03-14 18:08:19,833:main:14:DEBUG] Bot started
[2021-03-14 18:08:19,833:main:14:DEBUG] Bot started
[2021-03-14 18:08:19,833:main:14:DEBUG] Bot started
[2021-03-14 18:09:23,552:main:14:DEBUG] Bot started
[2021-03-14 18:09:23,552:main:14:DEBUG] Bot started
[2021-03-14 18:09:23,552:main:14:DEBUG] Bot started
[2021-03-14 18:10:02,876:main:14:DEBUG] Bot started
[2021-03-14 18:10:02,876:main:14:DEBUG] Bot started
[2021-03-14 18:10:02,876:main:14:DEBUG] Bot started
[2021-03-14 18:10:06,073:handlers:121:DEBUG] Client checked himself id - 690976128
[2021-03-14 18:10:06,073:handlers:121:DEBUG] Client checked himself id - 690976128
[2021-03-14 18:10:06,073:handlers:121:DEBUG] Client checked himself id - 690976128
[2021-03-14 18:12:19,111:main:14:DEBUG] Bot started
[2021-03-14 18:12:19,111:main:14:DEBUG] Bot started
[2021-03-14 18:12:19,111:main:14:DEBUG] Bot started
[2021-03-14 18:12:47,817:handlers:121:DEBUG] Client checked himself id - 690976128
[2021-03-14 18:12:47,817:handlers:121:DEBUG] Client checked himself id - 690976128
[2021-03-14 18:12:47,817:handlers:121:DEBUG] Client checked himself id - 690976128
[2021-03-14 18:16:18,010:main:14:DEBUG] Bot started
[2021-03-14 18:16:18,010:main:14:DEBUG] Bot started
[2021-03-14 18:16:18,010:main:14:DEBUG] Bot started
[2021-03-14 18:16:18,010:main:14:DEBUG] Bot started
[2021-03-14 18:17:38,768:main:14:DEBUG] Bot started
[2021-03-14 18:17:38,768:main:14:DEBUG] Bot started
[2021-03-14 18:17:38,768:main:14:DEBUG] Bot started
[2021-03-14 18:17:38,768:main:14:DEBUG] Bot started
[2021-03-14 18:18:01,462:main:14:DEBUG] Bot started
[2021-03-14 18:18:01,462:main:14:DEBUG] Bot started
[2021-03-14 18:18:01,462:main:14:DEBUG] Bot started
[2021-03-14 18:18:01,462:main:14:DEBUG] Bot started
[2021-03-14 18:23:35,237:main:14:DEBUG] Bot started
[2021-03-14 18:23:35,237:main:14:DEBUG] Bot started
[2021-03-14 18:23:35,237:main:14:DEBUG] Bot started
[2021-03-14 18:23:35,237:main:14:DEBUG] Bot started
[2021-03-14 18:23:51,788:harvest_main:70:DEBUG] No changes in harvest of the groups
[2021-03-14 18:23:51,788:harvest_main:70:DEBUG] No changes in harvest of the groups
[2021-03-14 18:23:51,788:harvest_main:70:DEBUG] No changes in harvest of the groups
[2021-03-14 18:23:51,788:harvest_main:70:DEBUG] No changes in harvest of the groups
[2021-03-14 18:23:51,789:harvest_main:71:DEBUG] Harvest groups has been ended
[2021-03-14 18:23:51,789:harvest_main:71:DEBUG] Harvest groups has been ended
[2021-03-14 18:23:51,789:harvest_main:71:DEBUG] Harvest groups has been ended
[2021-03-14 18:23:51,789:harvest_main:71:DEBUG] Harvest groups has been ended
[2021-03-14 18:28:20,527:main:14:DEBUG] Bot started
[2021-03-14 18:28:20,527:main:14:DEBUG] Bot started
[2021-03-14 18:28:20,527:main:14:DEBUG] Bot started
[2021-03-14 18:28:20,527:main:14:DEBUG] Bot started
[2021-03-14 18:28:23,137:harvest_main:70:DEBUG] No changes in harvest of the groups
[2021-03-14 18:28:23,137:harvest_main:70:DEBUG] No changes in harvest of the groups
[2021-03-14 18:28:23,137:harvest_main:70:DEBUG] No changes in harvest of the groups
[2021-03-14 18:28:23,137:harvest_main:70:DEBUG] No changes in harvest of the groups
[2021-03-14 18:28:23,138:harvest_main:71:DEBUG] Harvest groups has been ended
[2021-03-14 18:28:23,138:harvest_main:71:DEBUG] Harvest groups has been ended
[2021-03-14 18:28:23,138:harvest_main:71:DEBUG] Harvest groups has been ended
[2021-03-14 18:28:23,138:harvest_main:71:DEBUG] Harvest groups has been ended
[2021-03-14 18:28:44,921:main:14:DEBUG] Bot started
[2021-03-14 18:28:44,921:main:14:DEBUG] Bot started
[2021-03-14 18:28:44,921:main:14:DEBUG] Bot started
[2021-03-14 18:28:44,921:main:14:DEBUG] Bot started
[2021-03-14 18:30:28,327:main:14:DEBUG] Bot started
[2021-03-14 18:30:28,327:main:14:DEBUG] Bot started
[2021-03-14 18:30:28,327:main:14:DEBUG] Bot started
[2021-03-14 18:30:28,327:main:14:DEBUG] Bot started
[2021-03-14 18:33:26,604:main:14:DEBUG] Bot started
[2021-03-14 18:33:26,604:main:14:DEBUG] Bot started
[2021-03-14 18:33:26,604:main:14:DEBUG] Bot started
[2021-03-14 18:33:26,604:main:14:DEBUG] Bot started
[2021-03-14 18:34:07,281:main:14:DEBUG] Bot started
[2021-03-14 18:34:07,281:main:14:DEBUG] Bot started
[2021-03-14 18:34:07,281:main:14:DEBUG] Bot started
[2021-03-14 18:34:07,281:main:14:DEBUG] Bot started
[2021-03-14 18:35:50,266:main:14:DEBUG] Bot started
[2021-03-14 18:35:50,266:main:14:DEBUG] Bot started
[2021-03-14 18:35:50,266:main:14:DEBUG] Bot started
[2021-03-14 18:35:50,266:main:14:DEBUG] Bot started
[2021-03-14 20:13:26,907:main:14:DEBUG] Bot started
[2021-03-14 20:13:26,907:main:14:DEBUG] Bot started
[2021-03-14 20:13:26,907:main:14:DEBUG] Bot started
[2021-03-14 20:13:26,907:main:14:DEBUG] Bot started
[2021-03-14 20:13:44,529:harvest_main:94:DEBUG] Harvest schedule has been ended
[2021-03-14 20:13:44,529:harvest_main:94:DEBUG] Harvest schedule has been ended
[2021-03-14 20:13:44,529:harvest_main:94:DEBUG] Harvest schedule has been ended
[2021-03-14 20:13:44,529:harvest_main:94:DEBUG] Harvest schedule has been ended
[2021-03-14 20:14:32,862:main:14:DEBUG] Bot started
[2021-03-14 20:14:32,862:main:14:DEBUG] Bot started
[2021-03-14 20:14:32,862:main:14:DEBUG] Bot started
[2021-03-14 20:14:32,862:main:14:DEBUG] Bot started
[2021-03-14 20:14:52,773:harvest_main:95:DEBUG] Harvest schedule has been ended
[2021-03-14 20:14:52,773:harvest_main:95:DEBUG] Harvest schedule has been ended
[2021-03-14 20:14:52,773:harvest_main:95:DEBUG] Harvest schedule has been ended
[2021-03-14 20:14:52,773:harvest_main:95:DEBUG] Harvest schedule has been ended
[2021-03-14 20:16:43,015:main:14:DEBUG] Bot started
[2021-03-14 20:16:43,015:main:14:DEBUG] Bot started
[2021-03-14 20:16:43,015:main:14:DEBUG] Bot started
[2021-03-14 20:16:43,015:main:14:DEBUG] Bot started
[2021-03-14 20:21:00,159:main:14:DEBUG] Bot started
[2021-03-14 20:21:00,159:main:14:DEBUG] Bot started
[2021-03-14 20:21:00,159:main:14:DEBUG] Bot started
[2021-03-14 20:21:00,159:main:14:DEBUG] Bot started
[2021-03-14 20:22:23,425:main:14:DEBUG] Bot started
[2021-03-14 20:22:23,425:main:14:DEBUG] Bot started
[2021-03-14 20:22:23,425:main:14:DEBUG] Bot started
[2021-03-14 20:22:23,425:main:14:DEBUG] Bot started
[2021-03-14 20:23:09,130:main:14:DEBUG] Bot started
[2021-03-14 20:23:09,130:main:14:DEBUG] Bot started
[2021-03-14 20:23:09,130:main:14:DEBUG] Bot started
[2021-03-14 20:23:09,130:main:14:DEBUG] Bot started
[2021-03-14 20:23:10,240:harvest_main:97:DEBUG] b'Changed the schedule - \xd1\x81\xd0\xb8\xd0\xb1\xd0\xb4\xd0\xb2-19-4'
[2021-03-14 20:23:10,240:harvest_main:97:DEBUG] b'Changed the schedule - \xd1\x81\xd0\xb8\xd0\xb1\xd0\xb4\xd0\xb2-19-4'
[2021-03-14 20:23:10,240:harvest_main:97:DEBUG] b'Changed the schedule - \xd1\x81\xd0\xb8\xd0\xb1\xd0\xb4\xd0\xb2-19-4'
[2021-03-14 20:23:10,240:harvest_main:97:DEBUG] b'Changed the schedule - \xd1\x81\xd0\xb8\xd0\xb1\xd0\xb4\xd0\xb2-19-4'
[2021-03-14 20:23:10,365:harvest_main:97:DEBUG] b'Changed the schedule - \xd0\xb8\xd1\x81\xd0\xb4\xd0\xb2-19-3'
[2021-03-14 20:23:10,365:harvest_main:97:DEBUG] b'Changed the schedule - \xd0\xb8\xd1\x81\xd0\xb4\xd0\xb2-19-3'
[2021-03-14 20:23:10,365:harvest_main:97:DEBUG] b'Changed the schedule - \xd0\xb8\xd1\x81\xd0\xb4\xd0\xb2-19-3'
[2021-03-14 20:23:10,365:harvest_main:97:DEBUG] b'Changed the schedule - \xd0\xb8\xd1\x81\xd0\xb4\xd0\xb2-19-3'
[2021-03-14 20:23:10,451:harvest_main:97:DEBUG] b'Changed the schedule - \xd0\xb2\xd1\x82\xd0\xb4-20-2'
[2021-03-14 20:23:10,451:harvest_main:97:DEBUG] b'Changed the schedule - \xd0\xb2\xd1\x82\xd0\xb4-20-2'
[2021-03-14 20:23:10,451:harvest_main:97:DEBUG] b'Changed the schedule - \xd0\xb2\xd1\x82\xd0\xb4-20-2'
[2021-03-14 20:23:10,451:harvest_main:97:DEBUG] b'Changed the schedule - \xd0\xb2\xd1\x82\xd0\xb4-20-2'
[2021-03-14 20:23:10,637:harvest_main:97:DEBUG] b'Changed the schedule - \xd0\xb0\xd1\x83\xd0\xb4\xd0\xba-20-1'
[2021-03-14 20:23:10,637:harvest_main:97:DEBUG] b'Changed the schedule - \xd0\xb0\xd1\x83\xd0\xb4\xd0\xba-20-1'
[2021-03-14 20:23:10,637:harvest_main:97:DEBUG] b'Changed the schedule - \xd0\xb0\xd1\x83\xd0\xb4\xd0\xba-20-1'
[2021-03-14 20:23:10,637:harvest_main:97:DEBUG] b'Changed the schedule - \xd0\xb0\xd1\x83\xd0\xb4\xd0\xba-20-1'
[2021-03-14 20:23:10,719:harvest_main:97:DEBUG] b'Changed the schedule - \xd0\xb2\xd1\x82\xd0\xb4-19-1'
[2021-03-14 20:23:10,719:harvest_main:97:DEBUG] b'Changed the schedule - \xd0\xb2\xd1\x82\xd0\xb4-19-1'
[2021-03-14 20:23:10,719:harvest_main:97:DEBUG] b'Changed the schedule - \xd0\xb2\xd1\x82\xd0\xb4-19-1'
[2021-03-14 20:23:10,719:harvest_main:97:DEBUG] b'Changed the schedule - \xd0\xb2\xd1\x82\xd0\xb4-19-1'
[2021-03-14 20:23:10,820:harvest_main:97:DEBUG] b'Changed the schedule - \xd0\xb2\xd1\x82\xd0\xb4\xd0\xba-20-1'
[2021-03-14 20:23:10,820:harvest_main:97:DEBUG] b'Changed the schedule - \xd0\xb2\xd1\x82\xd0\xb4\xd0\xba-20-1'
[2021-03-14 20:23:10,820:harvest_main:97:DEBUG] b'Changed the schedule - \xd0\xb2\xd1\x82\xd0\xb4\xd0\xba-20-1'
[2021-03-14 20:23:10,820:harvest_main:97:DEBUG] b'Changed the schedule - \xd0\xb2\xd1\x82\xd0\xb4\xd0\xba-20-1'
[2021-03-14 20:23:10,955:harvest_main:97:DEBUG] b'Changed the schedule - \xd0\xb8\xd1\x81\xd0\xb4-20-2'
[2021-03-14 20:23:10,955:harvest_main:97:DEBUG] b'Changed the schedule - \xd0\xb8\xd1\x81\xd0\xb4-20-2'
[2021-03-14 20:23:10,955:harvest_main:97:DEBUG] b'Changed the schedule - \xd0\xb8\xd1\x81\xd0\xb4-20-2'
[2021-03-14 20:23:10,955:harvest_main:97:DEBUG] b'Changed the schedule - \xd0\xb8\xd1\x81\xd0\xb4-20-2'
[2021-03-14 20:23:11,061:harvest_main:97:DEBUG] b'Changed the schedule - \xd0\xb2\xd1\x82\xd0\xb4\xd0\xba-19-2'
[2021-03-14 20:23:11,061:harvest_main:97:DEBUG] b'Changed the schedule - \xd0\xb2\xd1\x82\xd0\xb4\xd0\xba-19-2'
[2021-03-14 20:23:11,061:harvest_main:97:DEBUG] b'Changed the schedule - \xd0\xb2\xd1\x82\xd0\xb4\xd0\xba-19-2'
[2021-03-14 20:23:11,061:harvest_main:97:DEBUG] b'Changed the schedule - \xd0\xb2\xd1\x82\xd0\xb4\xd0\xba-19-2'
[2021-03-14 20:23:11,156:harvest_main:97:DEBUG] b'Changed the schedule - \xd0\xb8\xd1\x81\xd0\xb4\xd0\xb2-19-2'
[2021-03-14 20:23:11,156:harvest_main:97:DEBUG] b'Changed the schedule - \xd0\xb8\xd1\x81\xd0\xb4\xd0\xb2-19-2'
[2021-03-14 20:23:11,156:harvest_main:97:DEBUG] b'Changed the schedule - \xd0\xb8\xd1\x81\xd0\xb4\xd0\xb2-19-2'
[2021-03-14 20:23:11,156:harvest_main:97:DEBUG] b'Changed the schedule - \xd0\xb8\xd1\x81\xd0\xb4\xd0\xb2-19-2'
[2021-03-14 20:23:11,300:harvest_main:97:DEBUG] b'Changed the schedule - \xd1\x82\xd1\x8d\xd0\xb4-20-2'
[2021-03-14 20:23:11,300:harvest_main:97:DEBUG] b'Changed the schedule - \xd1\x82\xd1\x8d\xd0\xb4-20-2'
[2021-03-14 20:23:11,300:harvest_main:97:DEBUG] b'Changed the schedule - \xd1\x82\xd1\x8d\xd0\xb4-20-2'
[2021-03-14 20:23:11,300:harvest_main:97:DEBUG] b'Changed the schedule - \xd1\x82\xd1\x8d\xd0\xb4-20-2'
[2021-03-14 20:28:41,039:main:14:DEBUG] Bot started
[2021-03-14 20:28:41,039:main:14:DEBUG] Bot started
[2021-03-14 20:28:41,039:main:14:DEBUG] Bot started
[2021-03-14 20:28:41,039:main:14:DEBUG] Bot started
[2021-03-14 20:28:57,801:harvest_main:94:DEBUG] Harvest schedule has been ended
[2021-03-14 20:28:57,801:harvest_main:94:DEBUG] Harvest schedule has been ended
[2021-03-14 20:28:57,801:harvest_main:94:DEBUG] Harvest schedule has been ended
[2021-03-14 20:28:57,801:harvest_main:94:DEBUG] Harvest schedule has been ended
[2021-03-14 20:29:55,240:main:14:DEBUG] Bot started
[2021-03-14 20:29:55,240:main:14:DEBUG] Bot started
[2021-03-14 20:29:55,240:main:14:DEBUG] Bot started
[2021-03-14 20:29:55,240:main:14:DEBUG] Bot started
[2021-03-14 20:30:29,524:handlers:122:DEBUG] Client checked himself id - 690976128
[2021-03-14 20:30:29,524:handlers:122:DEBUG] Client checked himself id - 690976128
[2021-03-14 20:30:29,524:handlers:122:DEBUG] Client checked himself id - 690976128
[2021-03-14 20:30:29,524:handlers:122:DEBUG] Client checked himself id - 690976128
[2021-03-14 20:34:09,694:main:14:DEBUG] Bot started
[2021-03-14 20:34:09,694:main:14:DEBUG] Bot started
[2021-03-14 20:34:09,694:main:14:DEBUG] Bot started
[2021-03-14 20:34:09,694:main:14:DEBUG] Bot started
[2021-03-14 20:35:56,984:main:14:DEBUG] Bot started
[2021-03-14 20:36:05,907:handlers:122:DEBUG] Client checked himself id - 690976128
[2021-03-14 21:10:45,860:main:14:DEBUG] Bot started
[2021-03-14 21:11:30,010:find_group:109:WARNING] Group value - b'\xd0\xb9\xd1\x86\xd1\x83'
[2021-03-14 21:11:35,623:find_group:109:WARNING] Group value - b'\xd0\xb9\xd1\x86\xd1\x83-\xd0\xb9\xd1\x86-\xd0\xb9'
[2021-03-14 21:11:47,080:find_group:109:WARNING] Group value - b'\xd1\x84\xd1\x8b\xd0\xb2-11-\xd0\xb9'
[2021-03-14 21:12:52,253:main:14:DEBUG] Bot started
[2021-03-14 21:13:37,448:find_group:109:WARNING] Group value - b'\xd1\x84\xd1\x86'
[2021-03-14 21:26:02,235:main:14:DEBUG] Bot started
[2021-03-14 21:27:15,386:main:14:DEBUG] Bot started
[2021-03-14 21:33:36,666:main:14:DEBUG] Bot started
[2021-03-14 21:34:08,142:find_group:116:WARNING] Group value - b'\xd0\xb0\xd0\xbf'
[2021-03-14 21:34:53,116:find_group:116:WARNING] Group value - b'\xd0\xad\xd0\xad\xd0\xad/\\\\\\/ 1212'
