[2021-04-08 17:54:39,136:main_polling:14:DEBUG] Bot started
[2021-04-08 17:55:20,463:main_polling:14:DEBUG] Bot started
[2021-04-08 17:55:21,079:pgsql:34:INFO] User - 690976128 check_user
[2021-04-08 17:56:06,394:main_polling:14:DEBUG] Bot started
[2021-04-08 17:56:06,977:pgsql:34:INFO] User - 690976128 check_user
[2021-04-08 17:56:37,641:main_polling:14:DEBUG] Bot started
[2021-04-08 17:56:38,246:pgsql:34:INFO] User - 690976128 check_user
[2021-04-08 17:57:25,988:main_polling:14:DEBUG] Bot started
[2021-04-08 17:57:26,582:pgsql:34:INFO] User - 690976128 check_user
[2021-04-08 17:58:08,249:main_polling:14:DEBUG] Bot started
[2021-04-08 17:58:08,883:pgsql:34:INFO] User - 690976128 check_user
[2021-04-08 17:58:39,532:main_polling:14:DEBUG] Bot started
[2021-04-08 17:58:40,197:pgsql:34:INFO] User - 690976128 check_user
[2021-04-08 17:59:40,071:main_polling:14:DEBUG] Bot started
[2021-04-08 17:59:41,337:pgsql:34:INFO] User - 690976128 check_user
[2021-04-08 18:01:09,790:main_polling:14:DEBUG] Bot started
[2021-04-08 18:01:10,468:pgsql:34:INFO] User - 690976128 check_user
[2021-04-08 18:01:33,242:main_polling:14:DEBUG] Bot started
[2021-04-08 18:01:33,868:pgsql:34:INFO] User - 690976128 check_user
[2021-04-08 18:01:55,737:ratelimit:111:WARNING] User - 690976128 send many messages
[2021-04-08 18:02:30,017:main_polling:14:DEBUG] Bot started
[2021-04-08 18:02:34,762:pgsql:34:INFO] User - 690976128 check_user
[2021-04-08 18:02:48,032:main_polling:14:DEBUG] Bot started
[2021-04-08 18:02:48,665:pgsql:34:INFO] User - 690976128 check_user
[2021-04-08 18:03:08,763:main_polling:14:DEBUG] Bot started
[2021-04-08 18:03:09,345:pgsql:34:INFO] User - 690976128 check_user
[2021-04-08 18:03:27,042:main_polling:14:DEBUG] Bot started
[2021-04-08 18:03:27,621:pgsql:34:INFO] User - 690976128 check_user
[2021-04-08 18:05:04,469:main_polling:14:DEBUG] Bot started
[2021-04-08 18:05:08,270:pgsql:34:INFO] User - 690976128 check_user
[2021-04-08 18:05:32,099:main_polling:14:DEBUG] Bot started
[2021-04-08 18:05:32,720:pgsql:34:INFO] User - 690976128 check_user
[2021-04-08 18:06:26,961:main_polling:14:DEBUG] Bot started
[2021-04-08 18:06:30,286:pgsql:34:INFO] User - 690976128 check_user
[2021-04-08 18:20:03,749:main_polling:14:DEBUG] Bot started
[2021-04-08 18:20:16,958:pgsql:34:INFO] User - 690976128 check_user
[2021-04-08 18:20:50,011:main_polling:14:DEBUG] Bot started
[2021-04-08 18:20:51,426:pgsql:34:INFO] User - 690976128 check_user
[2021-04-08 18:25:41,012:main_polling:14:DEBUG] Bot started
[2021-04-08 18:25:41,626:pgsql:34:INFO] User - 690976128 check_user
[2021-04-08 18:28:29,650:main_polling:14:DEBUG] Bot started
[2021-04-08 18:28:30,806:pgsql:34:INFO] User - 690976128 check_user
[2021-04-08 18:28:57,250:main_polling:14:DEBUG] Bot started
[2021-04-08 18:28:57,846:pgsql:34:INFO] User - 690976128 check_user
[2021-04-08 19:16:36,495:main_polling:14:DEBUG] Bot started
[2021-04-08 19:16:38,160:pgsql:34:INFO] User - 690976128 check_user
[2021-04-08 19:17:27,638:main_polling:14:DEBUG] Bot started
[2021-04-08 19:17:28,635:pgsql:34:INFO] User - 690976128 check_user
[2021-04-08 19:18:47,592:main_polling:14:DEBUG] Bot started
[2021-04-08 19:18:50,546:pgsql:34:INFO] User - 690976128 check_user
[2021-04-08 19:19:12,019:pgsql:52:INFO] admin_get_users_list. Checks 690976128
[2021-04-08 19:20:42,598:main_polling:14:DEBUG] Bot started
[2021-04-08 19:20:43,285:pgsql:34:INFO] User - 690976128 check_user
[2021-04-08 19:20:43,293:pgsql:52:INFO] admin_get_users_list. Checks 690976128
[2021-04-08 19:21:34,624:pgsql:77:INFO] User - 690976128 get_user
